29-Jul-2022 12:13:09.446 INFO [main] org.apache.catalina.startup.VersionLoggerListener.log Server version name:   Apache Tomcat/10.0.22
29-Jul-2022 12:13:09.452 INFO [main] org.apache.catalina.startup.VersionLoggerListener.log Server built:          Jun 2 2022 16:53:56 UTC
29-Jul-2022 12:13:09.452 INFO [main] org.apache.catalina.startup.VersionLoggerListener.log Server version number: 10.0.22.0
29-Jul-2022 12:13:09.452 INFO [main] org.apache.catalina.startup.VersionLoggerListener.log OS Name:               Windows 11
29-Jul-2022 12:13:09.452 INFO [main] org.apache.catalina.startup.VersionLoggerListener.log OS Version:            10.0
29-Jul-2022 12:13:09.452 INFO [main] org.apache.catalina.startup.VersionLoggerListener.log Architecture:          amd64
29-Jul-2022 12:13:09.452 INFO [main] org.apache.catalina.startup.VersionLoggerListener.log Java Home:             C:\Program Files\Java\jdk-17.0.2
29-Jul-2022 12:13:09.452 INFO [main] org.apache.catalina.startup.VersionLoggerListener.log JVM Version:           17.0.2+8-LTS-86
29-Jul-2022 12:13:09.452 INFO [main] org.apache.catalina.startup.VersionLoggerListener.log JVM Vendor:            Oracle Corporation
29-Jul-2022 12:13:09.452 INFO [main] org.apache.catalina.startup.VersionLoggerListener.log CATALINA_BASE:         C:\Program Files\Apache Software Foundation\Tomcat 10.0
29-Jul-2022 12:13:09.453 INFO [main] org.apache.catalina.startup.VersionLoggerListener.log CATALINA_HOME:         C:\Program Files\Apache Software Foundation\Tomcat 10.0
29-Jul-2022 12:13:09.465 INFO [main] org.apache.catalina.startup.VersionLoggerListener.log Command line argument: --add-opens=java.base/java.lang=ALL-UNNAMED
29-Jul-2022 12:13:09.465 INFO [main] org.apache.catalina.startup.VersionLoggerListener.log Command line argument: --add-opens=java.base/java.io=ALL-UNNAMED
29-Jul-2022 12:13:09.465 INFO [main] org.apache.catalina.startup.VersionLoggerListener.log Command line argument: --add-opens=java.base/java.util=ALL-UNNAMED
29-Jul-2022 12:13:09.465 INFO [main] org.apache.catalina.startup.VersionLoggerListener.log Command line argument: --add-opens=java.base/java.util.concurrent=ALL-UNNAMED
29-Jul-2022 12:13:09.465 INFO [main] org.apache.catalina.startup.VersionLoggerListener.log Command line argument: --add-opens=java.rmi/sun.rmi.transport=ALL-UNNAMED
29-Jul-2022 12:13:09.465 INFO [main] org.apache.catalina.startup.VersionLoggerListener.log Command line argument: -Djava.util.logging.config.file=C:\Program Files\Apache Software Foundation\Tomcat 10.0\conf\logging.properties
29-Jul-2022 12:13:09.465 INFO [main] org.apache.catalina.startup.VersionLoggerListener.log Command line argument: -Djava.util.logging.manager=org.apache.juli.ClassLoaderLogManager
29-Jul-2022 12:13:09.467 INFO [main] org.apache.catalina.startup.VersionLoggerListener.log Command line argument: -Dhttp.nonProxyHosts=localhost|127.0.0.1|DESKTOP-1N8KK0Q
29-Jul-2022 12:13:09.467 INFO [main] org.apache.catalina.startup.VersionLoggerListener.log Command line argument: -Djdk.tls.ephemeralDHKeySize=2048
29-Jul-2022 12:13:09.467 INFO [main] org.apache.catalina.startup.VersionLoggerListener.log Command line argument: -Djava.protocol.handler.pkgs=org.apache.catalina.webresources
29-Jul-2022 12:13:09.467 INFO [main] org.apache.catalina.startup.VersionLoggerListener.log Command line argument: -Dignore.endorsed.dirs=
29-Jul-2022 12:13:09.467 INFO [main] org.apache.catalina.startup.VersionLoggerListener.log Command line argument: -Dcatalina.base=C:\Program Files\Apache Software Foundation\Tomcat 10.0
29-Jul-2022 12:13:09.467 INFO [main] org.apache.catalina.startup.VersionLoggerListener.log Command line argument: -Dcatalina.home=C:\Program Files\Apache Software Foundation\Tomcat 10.0
29-Jul-2022 12:13:09.467 INFO [main] org.apache.catalina.startup.VersionLoggerListener.log Command line argument: -Djava.io.tmpdir=C:\Program Files\Apache Software Foundation\Tomcat 10.0\temp
29-Jul-2022 12:13:09.474 INFO [main] org.apache.catalina.core.AprLifecycleListener.lifecycleEvent The Apache Tomcat Native library which allows using OpenSSL was not found on the java.library.path: [C:\Program Files\Java\jdk-17.0.2\bin;C:\WINDOWS\Sun\Java\bin;C:\WINDOWS\system32;C:\WINDOWS;C:\Program Files\Common Files\Oracle\Java\javapath;C:\Program Files (x86)\Common Files\Intel\Shared Libraries\redist\intel64\compiler;C:\Program Files (x86)\Common Files\Intel\Shared Files\cpp\bin\Intel64;C:\Windows\system32;C:\Windows;C:\Windows\System32\Wbem;C:\Windows\System32\WindowsPowerShell\v1.0\;C:\Windows\System32\OpenSSH\;C:\Program Files\NVIDIA Corporation\NVIDIA NvDLISR;C:\Program Files (x86)\NVIDIA Corporation\PhysX\Common;C:\Program Files\dotnet\;C:\WINDOWS\system32;C:\WINDOWS;C:\WINDOWS\System32\Wbem;C:\WINDOWS\System32\WindowsPowerShell\v1.0\;C:\WINDOWS\System32\OpenSSH\;C:\Program Files\php-8.1.0;C:\Program Files\Microsoft SQL Server\150\Tools\Binn\;C:\Program Files\Microsoft SQL Server\Client SDK\ODBC\170\Tools\Binn\;C:\Users\Venugopal\AppData\Local\Microsoft\WindowsApps;C:\Users\Venugopal\AppData\Local\GitHubDesktop\bin;C:\Users\Venugopal\AppData\Local\atom\bin;C:\Users\Venugopal\.dotnet\tools;C:\Program Files\Java\jdk-17.0.2\bin;;.]
29-Jul-2022 12:13:09.909 INFO [main] org.apache.coyote.AbstractProtocol.init Initializing ProtocolHandler ["http-nio-9494"]
29-Jul-2022 12:13:09.940 INFO [main] org.apache.catalina.startup.Catalina.load Server initialization in [684] milliseconds
29-Jul-2022 12:13:10.019 INFO [main] org.apache.catalina.core.StandardService.startInternal Starting service [Catalina]
29-Jul-2022 12:13:10.020 INFO [main] org.apache.catalina.core.StandardEngine.startInternal Starting Servlet engine: [Apache Tomcat/10.0.22]
29-Jul-2022 12:13:10.028 INFO [main] org.apache.catalina.startup.HostConfig.deployDescriptor Deploying deployment descriptor [C:\Program Files\Apache Software Foundation\Tomcat 10.0\conf\Catalina\localhost\sampleWeb.xml]
29-Jul-2022 12:13:10.047 WARNING [main] org.apache.catalina.startup.HostConfig.deployDescriptor The path attribute with value [/sampleWeb] in deployment descriptor [C:\Program Files\Apache Software Foundation\Tomcat 10.0\conf\Catalina\localhost\sampleWeb.xml] has been ignored
29-Jul-2022 12:13:10.437 INFO [main] org.apache.catalina.startup.HostConfig.deployDescriptor Deployment of deployment descriptor [C:\Program Files\Apache Software Foundation\Tomcat 10.0\conf\Catalina\localhost\sampleWeb.xml] has finished in [409] ms
29-Jul-2022 12:13:10.437 INFO [main] org.apache.catalina.startup.HostConfig.deployDirectory Deploying web application directory [C:\Program Files\Apache Software Foundation\Tomcat 10.0\webapps\docs]
29-Jul-2022 12:13:10.479 INFO [main] org.apache.catalina.startup.HostConfig.deployDirectory Deployment of web application directory [C:\Program Files\Apache Software Foundation\Tomcat 10.0\webapps\docs] has finished in [42] ms
29-Jul-2022 12:13:10.480 INFO [main] org.apache.catalina.startup.HostConfig.deployDirectory Deploying web application directory [C:\Program Files\Apache Software Foundation\Tomcat 10.0\webapps\examples]
29-Jul-2022 12:13:10.945 INFO [main] org.apache.catalina.startup.HostConfig.deployDirectory Deployment of web application directory [C:\Program Files\Apache Software Foundation\Tomcat 10.0\webapps\examples] has finished in [465] ms
29-Jul-2022 12:13:10.945 INFO [main] org.apache.catalina.startup.HostConfig.deployDirectory Deploying web application directory [C:\Program Files\Apache Software Foundation\Tomcat 10.0\webapps\host-manager]
29-Jul-2022 12:13:11.019 INFO [main] org.apache.catalina.startup.HostConfig.deployDirectory Deployment of web application directory [C:\Program Files\Apache Software Foundation\Tomcat 10.0\webapps\host-manager] has finished in [74] ms
29-Jul-2022 12:13:11.020 INFO [main] org.apache.catalina.startup.HostConfig.deployDirectory Deploying web application directory [C:\Program Files\Apache Software Foundation\Tomcat 10.0\webapps\manager]
29-Jul-2022 12:13:11.078 INFO [main] org.apache.catalina.startup.HostConfig.deployDirectory Deployment of web application directory [C:\Program Files\Apache Software Foundation\Tomcat 10.0\webapps\manager] has finished in [57] ms
29-Jul-2022 12:13:11.078 INFO [main] org.apache.catalina.startup.HostConfig.deployDirectory Deploying web application directory [C:\Program Files\Apache Software Foundation\Tomcat 10.0\webapps\ROOT]
29-Jul-2022 12:13:11.114 INFO [main] org.apache.catalina.startup.HostConfig.deployDirectory Deployment of web application directory [C:\Program Files\Apache Software Foundation\Tomcat 10.0\webapps\ROOT] has finished in [36] ms
29-Jul-2022 12:13:11.119 INFO [main] org.apache.coyote.AbstractProtocol.start Starting ProtocolHandler ["http-nio-9494"]
29-Jul-2022 12:13:11.214 INFO [main] org.apache.catalina.startup.Catalina.start Server startup in [1273] milliseconds
29-Jul-2022 12:13:21.523 SEVERE [main] org.apache.catalina.startup.Catalina.stopServer No shutdown port configured. Shut down server through OS signal. Server not shut down.
29-Jul-2022 12:14:57.224 SEVERE [main] org.apache.catalina.startup.Catalina.stopServer No shutdown port configured. Shut down server through OS signal. Server not shut down.
29-Jul-2022 12:26:02.486 INFO [Catalina-utility-2] org.apache.catalina.startup.HostConfig.undeploy Undeploying context [/sampleWeb]
29-Jul-2022 12:26:02.501 INFO [Catalina-utility-2] org.apache.catalina.startup.HostConfig.deployDescriptor Deploying deployment descriptor [C:\Program Files\Apache Software Foundation\Tomcat 10.0\conf\Catalina\localhost\sampleWeb.xml]
29-Jul-2022 12:26:02.501 WARNING [Catalina-utility-2] org.apache.catalina.startup.HostConfig.deployDescriptor The path attribute with value [/sampleWeb] in deployment descriptor [C:\Program Files\Apache Software Foundation\Tomcat 10.0\conf\Catalina\localhost\sampleWeb.xml] has been ignored
29-Jul-2022 12:26:02.501 SEVERE [Catalina-utility-2] org.apache.catalina.startup.HostConfig.deployDescriptor Error deploying deployment descriptor [C:\Program Files\Apache Software Foundation\Tomcat 10.0\conf\Catalina\localhost\sampleWeb.xml]
	java.lang.IllegalStateException: Error starting child
		at org.apache.catalina.core.ContainerBase.addChildInternal(ContainerBase.java:729)
		at org.apache.catalina.core.ContainerBase.addChild(ContainerBase.java:698)
		at org.apache.catalina.core.StandardHost.addChild(StandardHost.java:747)
		at org.apache.catalina.startup.HostConfig.deployDescriptor(HostConfig.java:693)
		at org.apache.catalina.startup.HostConfig$DeployDescriptor.run(HostConfig.java:1979)
		at java.base/java.util.concurrent.Executors$RunnableAdapter.call(Executors.java:539)
		at java.base/java.util.concurrent.FutureTask.run(FutureTask.java:264)
		at org.apache.tomcat.util.threads.InlineExecutorService.execute(InlineExecutorService.java:75)
		at java.base/java.util.concurrent.AbstractExecutorService.submit(AbstractExecutorService.java:123)
		at org.apache.catalina.startup.HostConfig.deployDescriptors(HostConfig.java:586)
		at org.apache.catalina.startup.HostConfig.deployApps(HostConfig.java:476)
		at org.apache.catalina.startup.HostConfig.check(HostConfig.java:1757)
		at org.apache.catalina.startup.HostConfig.lifecycleEvent(HostConfig.java:316)
		at org.apache.catalina.util.LifecycleBase.fireLifecycleEvent(LifecycleBase.java:123)
		at org.apache.catalina.core.ContainerBase.backgroundProcess(ContainerBase.java:1162)
		at org.apache.catalina.core.ContainerBase$ContainerBackgroundProcessor.processChildren(ContainerBase.java:1365)
		at org.apache.catalina.core.ContainerBase$ContainerBackgroundProcessor.processChildren(ContainerBase.java:1369)
		at org.apache.catalina.core.ContainerBase$ContainerBackgroundProcessor.run(ContainerBase.java:1347)
		at java.base/java.util.concurrent.Executors$RunnableAdapter.call(Executors.java:539)
		at java.base/java.util.concurrent.FutureTask.runAndReset(FutureTask.java:305)
		at java.base/java.util.concurrent.ScheduledThreadPoolExecutor$ScheduledFutureTask.run(ScheduledThreadPoolExecutor.java:305)
		at java.base/java.util.concurrent.ThreadPoolExecutor.runWorker(ThreadPoolExecutor.java:1136)
		at java.base/java.util.concurrent.ThreadPoolExecutor$Worker.run(ThreadPoolExecutor.java:635)
		at org.apache.tomcat.util.threads.TaskThread$WrappingRunnable.run(TaskThread.java:61)
		at java.base/java.lang.Thread.run(Thread.java:833)
	Caused by: org.apache.catalina.LifecycleException: Failed to start component [org.apache.catalina.webresources.StandardRoot@2ba7d6f7]
		at org.apache.catalina.util.LifecycleBase.handleSubClassException(LifecycleBase.java:440)
		at org.apache.catalina.util.LifecycleBase.start(LifecycleBase.java:198)
		at org.apache.catalina.core.StandardContext.resourcesStart(StandardContext.java:4834)
		at org.apache.catalina.core.StandardContext.startInternal(StandardContext.java:4972)
		at org.apache.catalina.util.LifecycleBase.start(LifecycleBase.java:183)
		at org.apache.catalina.core.ContainerBase.addChildInternal(ContainerBase.java:726)
		... 24 more
	Caused by: java.lang.IllegalArgumentException: The main resource set specified [C:\Users\Venugopal\Desktop\Wipro Java Task\sampleWeb\build\web] is not valid
		at org.apache.catalina.webresources.StandardRoot.createMainResourceSet(StandardRoot.java:762)
		at org.apache.catalina.webresources.StandardRoot.startInternal(StandardRoot.java:719)
		at org.apache.catalina.util.LifecycleBase.start(LifecycleBase.java:183)
		... 28 more
29-Jul-2022 12:26:02.507 INFO [Catalina-utility-2] org.apache.catalina.startup.HostConfig.deployDescriptor Deployment of deployment descriptor [C:\Program Files\Apache Software Foundation\Tomcat 10.0\conf\Catalina\localhost\sampleWeb.xml] has finished in [21] ms
29-Jul-2022 13:47:42.596 INFO [main] org.apache.catalina.startup.VersionLoggerListener.log Server version name:   Apache Tomcat/10.0.22
29-Jul-2022 13:47:42.603 INFO [main] org.apache.catalina.startup.VersionLoggerListener.log Server built:          Jun 2 2022 16:53:56 UTC
29-Jul-2022 13:47:42.603 INFO [main] org.apache.catalina.startup.VersionLoggerListener.log Server version number: 10.0.22.0
29-Jul-2022 13:47:42.603 INFO [main] org.apache.catalina.startup.VersionLoggerListener.log OS Name:               Windows 11
29-Jul-2022 13:47:42.603 INFO [main] org.apache.catalina.startup.VersionLoggerListener.log OS Version:            10.0
29-Jul-2022 13:47:42.603 INFO [main] org.apache.catalina.startup.VersionLoggerListener.log Architecture:          amd64
29-Jul-2022 13:47:42.603 INFO [main] org.apache.catalina.startup.VersionLoggerListener.log Java Home:             C:\Program Files\Java\jdk-17.0.2
29-Jul-2022 13:47:42.603 INFO [main] org.apache.catalina.startup.VersionLoggerListener.log JVM Version:           17.0.2+8-LTS-86
29-Jul-2022 13:47:42.603 INFO [main] org.apache.catalina.startup.VersionLoggerListener.log JVM Vendor:            Oracle Corporation
29-Jul-2022 13:47:42.604 INFO [main] org.apache.catalina.startup.VersionLoggerListener.log CATALINA_BASE:         C:\Program Files\Apache Software Foundation\Tomcat 10.0
29-Jul-2022 13:47:42.604 INFO [main] org.apache.catalina.startup.VersionLoggerListener.log CATALINA_HOME:         C:\Program Files\Apache Software Foundation\Tomcat 10.0
29-Jul-2022 13:47:42.617 INFO [main] org.apache.catalina.startup.VersionLoggerListener.log Command line argument: --add-opens=java.base/java.lang=ALL-UNNAMED
29-Jul-2022 13:47:42.617 INFO [main] org.apache.catalina.startup.VersionLoggerListener.log Command line argument: --add-opens=java.base/java.io=ALL-UNNAMED
29-Jul-2022 13:47:42.617 INFO [main] org.apache.catalina.startup.VersionLoggerListener.log Command line argument: --add-opens=java.base/java.util=ALL-UNNAMED
29-Jul-2022 13:47:42.617 INFO [main] org.apache.catalina.startup.VersionLoggerListener.log Command line argument: --add-opens=java.base/java.util.concurrent=ALL-UNNAMED
29-Jul-2022 13:47:42.617 INFO [main] org.apache.catalina.startup.VersionLoggerListener.log Command line argument: --add-opens=java.rmi/sun.rmi.transport=ALL-UNNAMED
29-Jul-2022 13:47:42.617 INFO [main] org.apache.catalina.startup.VersionLoggerListener.log Command line argument: -Djava.util.logging.config.file=C:\Program Files\Apache Software Foundation\Tomcat 10.0\conf\logging.properties
29-Jul-2022 13:47:42.617 INFO [main] org.apache.catalina.startup.VersionLoggerListener.log Command line argument: -Djava.util.logging.manager=org.apache.juli.ClassLoaderLogManager
29-Jul-2022 13:47:42.617 INFO [main] org.apache.catalina.startup.VersionLoggerListener.log Command line argument: -Dhttp.nonProxyHosts=localhost|127.0.0.1|DESKTOP-1N8KK0Q
29-Jul-2022 13:47:42.617 INFO [main] org.apache.catalina.startup.VersionLoggerListener.log Command line argument: -Djdk.tls.ephemeralDHKeySize=2048
29-Jul-2022 13:47:42.618 INFO [main] org.apache.catalina.startup.VersionLoggerListener.log Command line argument: -Djava.protocol.handler.pkgs=org.apache.catalina.webresources
29-Jul-2022 13:47:42.618 INFO [main] org.apache.catalina.startup.VersionLoggerListener.log Command line argument: -Dignore.endorsed.dirs=
29-Jul-2022 13:47:42.618 INFO [main] org.apache.catalina.startup.VersionLoggerListener.log Command line argument: -Dcatalina.base=C:\Program Files\Apache Software Foundation\Tomcat 10.0
29-Jul-2022 13:47:42.618 INFO [main] org.apache.catalina.startup.VersionLoggerListener.log Command line argument: -Dcatalina.home=C:\Program Files\Apache Software Foundation\Tomcat 10.0
29-Jul-2022 13:47:42.618 INFO [main] org.apache.catalina.startup.VersionLoggerListener.log Command line argument: -Djava.io.tmpdir=C:\Program Files\Apache Software Foundation\Tomcat 10.0\temp
29-Jul-2022 13:47:42.623 INFO [main] org.apache.catalina.core.AprLifecycleListener.lifecycleEvent The Apache Tomcat Native library which allows using OpenSSL was not found on the java.library.path: [C:\Program Files\Java\jdk-17.0.2\bin;C:\WINDOWS\Sun\Java\bin;C:\WINDOWS\system32;C:\WINDOWS;C:\Program Files\Common Files\Oracle\Java\javapath;C:\Program Files (x86)\Common Files\Intel\Shared Libraries\redist\intel64\compiler;C:\Program Files (x86)\Common Files\Intel\Shared Files\cpp\bin\Intel64;C:\Windows\system32;C:\Windows;C:\Windows\System32\Wbem;C:\Windows\System32\WindowsPowerShell\v1.0\;C:\Windows\System32\OpenSSH\;C:\Program Files\NVIDIA Corporation\NVIDIA NvDLISR;C:\Program Files (x86)\NVIDIA Corporation\PhysX\Common;C:\Program Files\dotnet\;C:\WINDOWS\system32;C:\WINDOWS;C:\WINDOWS\System32\Wbem;C:\WINDOWS\System32\WindowsPowerShell\v1.0\;C:\WINDOWS\System32\OpenSSH\;C:\Program Files\php-8.1.0;C:\Program Files\Microsoft SQL Server\150\Tools\Binn\;C:\Program Files\Microsoft SQL Server\Client SDK\ODBC\170\Tools\Binn\;C:\Users\Venugopal\AppData\Local\Microsoft\WindowsApps;C:\Users\Venugopal\AppData\Local\GitHubDesktop\bin;C:\Users\Venugopal\AppData\Local\atom\bin;C:\Users\Venugopal\.dotnet\tools;C:\Program Files\Java\jdk-17.0.2\bin;;.]
29-Jul-2022 13:47:42.988 INFO [main] org.apache.coyote.AbstractProtocol.init Initializing ProtocolHandler ["http-nio-9494"]
29-Jul-2022 13:47:43.013 INFO [main] org.apache.catalina.startup.Catalina.load Server initialization in [627] milliseconds
29-Jul-2022 13:47:43.077 INFO [main] org.apache.catalina.core.StandardService.startInternal Starting service [Catalina]
29-Jul-2022 13:47:43.078 INFO [main] org.apache.catalina.core.StandardEngine.startInternal Starting Servlet engine: [Apache Tomcat/10.0.22]
29-Jul-2022 13:47:43.090 INFO [main] org.apache.catalina.startup.HostConfig.deployDescriptor Deploying deployment descriptor [C:\Program Files\Apache Software Foundation\Tomcat 10.0\conf\Catalina\localhost\sampleWeb.xml]
29-Jul-2022 13:47:43.112 WARNING [main] org.apache.catalina.startup.HostConfig.deployDescriptor The path attribute with value [/sampleWeb] in deployment descriptor [C:\Program Files\Apache Software Foundation\Tomcat 10.0\conf\Catalina\localhost\sampleWeb.xml] has been ignored
29-Jul-2022 13:47:43.162 SEVERE [main] org.apache.catalina.startup.HostConfig.deployDescriptor Error deploying deployment descriptor [C:\Program Files\Apache Software Foundation\Tomcat 10.0\conf\Catalina\localhost\sampleWeb.xml]
	java.lang.IllegalStateException: Error starting child
		at org.apache.catalina.core.ContainerBase.addChildInternal(ContainerBase.java:729)
		at org.apache.catalina.core.ContainerBase.addChild(ContainerBase.java:698)
		at org.apache.catalina.core.StandardHost.addChild(StandardHost.java:747)
		at org.apache.catalina.startup.HostConfig.deployDescriptor(HostConfig.java:693)
		at org.apache.catalina.startup.HostConfig$DeployDescriptor.run(HostConfig.java:1979)
		at java.base/java.util.concurrent.Executors$RunnableAdapter.call(Executors.java:539)
		at java.base/java.util.concurrent.FutureTask.run(FutureTask.java:264)
		at org.apache.tomcat.util.threads.InlineExecutorService.execute(InlineExecutorService.java:75)
		at java.base/java.util.concurrent.AbstractExecutorService.submit(AbstractExecutorService.java:123)
		at org.apache.catalina.startup.HostConfig.deployDescriptors(HostConfig.java:586)
		at org.apache.catalina.startup.HostConfig.deployApps(HostConfig.java:476)
		at org.apache.catalina.startup.HostConfig.start(HostConfig.java:1708)
		at org.apache.catalina.startup.HostConfig.lifecycleEvent(HostConfig.java:320)
		at org.apache.catalina.util.LifecycleBase.fireLifecycleEvent(LifecycleBase.java:123)
		at org.apache.catalina.util.LifecycleBase.setStateInternal(LifecycleBase.java:423)
		at org.apache.catalina.util.LifecycleBase.setState(LifecycleBase.java:366)
		at org.apache.catalina.core.ContainerBase.startInternal(ContainerBase.java:946)
		at org.apache.catalina.core.StandardHost.startInternal(StandardHost.java:886)
		at org.apache.catalina.util.LifecycleBase.start(LifecycleBase.java:183)
		at org.apache.catalina.core.ContainerBase$StartChild.call(ContainerBase.java:1396)
		at org.apache.catalina.core.ContainerBase$StartChild.call(ContainerBase.java:1386)
		at java.base/java.util.concurrent.FutureTask.run(FutureTask.java:264)
		at org.apache.tomcat.util.threads.InlineExecutorService.execute(InlineExecutorService.java:75)
		at java.base/java.util.concurrent.AbstractExecutorService.submit(AbstractExecutorService.java:145)
		at org.apache.catalina.core.ContainerBase.startInternal(ContainerBase.java:919)
		at org.apache.catalina.core.StandardEngine.startInternal(StandardEngine.java:263)
		at org.apache.catalina.util.LifecycleBase.start(LifecycleBase.java:183)
		at org.apache.catalina.core.StandardService.startInternal(StandardService.java:432)
		at org.apache.catalina.util.LifecycleBase.start(LifecycleBase.java:183)
		at org.apache.catalina.core.StandardServer.startInternal(StandardServer.java:930)
		at org.apache.catalina.util.LifecycleBase.start(LifecycleBase.java:183)
		at org.apache.catalina.startup.Catalina.start(Catalina.java:795)
		at java.base/jdk.internal.reflect.NativeMethodAccessorImpl.invoke0(Native Method)
		at java.base/jdk.internal.reflect.NativeMethodAccessorImpl.invoke(NativeMethodAccessorImpl.java:77)
		at java.base/jdk.internal.reflect.DelegatingMethodAccessorImpl.invoke(DelegatingMethodAccessorImpl.java:43)
		at java.base/java.lang.reflect.Method.invoke(Method.java:568)
		at org.apache.catalina.startup.Bootstrap.start(Bootstrap.java:345)
		at org.apache.catalina.startup.Bootstrap.main(Bootstrap.java:476)
	Caused by: org.apache.catalina.LifecycleException: Failed to start component [org.apache.catalina.webresources.StandardRoot@71687585]
		at org.apache.catalina.util.LifecycleBase.handleSubClassException(LifecycleBase.java:440)
		at org.apache.catalina.util.LifecycleBase.start(LifecycleBase.java:198)
		at org.apache.catalina.core.StandardContext.resourcesStart(StandardContext.java:4834)
		at org.apache.catalina.core.StandardContext.startInternal(StandardContext.java:4972)
		at org.apache.catalina.util.LifecycleBase.start(LifecycleBase.java:183)
		at org.apache.catalina.core.ContainerBase.addChildInternal(ContainerBase.java:726)
		... 37 more
	Caused by: java.lang.IllegalArgumentException: The main resource set specified [C:\Users\Venugopal\Desktop\Wipro Java Task\sampleWeb\build\web] is not valid
		at org.apache.catalina.webresources.StandardRoot.createMainResourceSet(StandardRoot.java:762)
		at org.apache.catalina.webresources.StandardRoot.startInternal(StandardRoot.java:719)
		at org.apache.catalina.util.LifecycleBase.start(LifecycleBase.java:183)
		... 41 more
29-Jul-2022 13:47:43.212 INFO [main] org.apache.catalina.startup.HostConfig.deployDescriptor Deployment of deployment descriptor [C:\Program Files\Apache Software Foundation\Tomcat 10.0\conf\Catalina\localhost\sampleWeb.xml] has finished in [121] ms
29-Jul-2022 13:47:43.213 INFO [main] org.apache.catalina.startup.HostConfig.deployDirectory Deploying web application directory [C:\Program Files\Apache Software Foundation\Tomcat 10.0\webapps\docs]
29-Jul-2022 13:47:43.543 INFO [main] org.apache.catalina.startup.HostConfig.deployDirectory Deployment of web application directory [C:\Program Files\Apache Software Foundation\Tomcat 10.0\webapps\docs] has finished in [330] ms
29-Jul-2022 13:47:43.543 INFO [main] org.apache.catalina.startup.HostConfig.deployDirectory Deploying web application directory [C:\Program Files\Apache Software Foundation\Tomcat 10.0\webapps\examples]
29-Jul-2022 13:47:43.847 INFO [main] org.apache.catalina.startup.HostConfig.deployDirectory Deployment of web application directory [C:\Program Files\Apache Software Foundation\Tomcat 10.0\webapps\examples] has finished in [304] ms
29-Jul-2022 13:47:43.847 INFO [main] org.apache.catalina.startup.HostConfig.deployDirectory Deploying web application directory [C:\Program Files\Apache Software Foundation\Tomcat 10.0\webapps\host-manager]
29-Jul-2022 13:47:43.880 INFO [main] org.apache.catalina.startup.HostConfig.deployDirectory Deployment of web application directory [C:\Program Files\Apache Software Foundation\Tomcat 10.0\webapps\host-manager] has finished in [33] ms
29-Jul-2022 13:47:43.880 INFO [main] org.apache.catalina.startup.HostConfig.deployDirectory Deploying web application directory [C:\Program Files\Apache Software Foundation\Tomcat 10.0\webapps\manager]
29-Jul-2022 13:47:43.924 INFO [main] org.apache.catalina.startup.HostConfig.deployDirectory Deployment of web application directory [C:\Program Files\Apache Software Foundation\Tomcat 10.0\webapps\manager] has finished in [44] ms
29-Jul-2022 13:47:43.924 INFO [main] org.apache.catalina.startup.HostConfig.deployDirectory Deploying web application directory [C:\Program Files\Apache Software Foundation\Tomcat 10.0\webapps\ROOT]
29-Jul-2022 13:47:43.950 INFO [main] org.apache.catalina.startup.HostConfig.deployDirectory Deployment of web application directory [C:\Program Files\Apache Software Foundation\Tomcat 10.0\webapps\ROOT] has finished in [26] ms
29-Jul-2022 13:47:43.950 INFO [main] org.apache.coyote.AbstractProtocol.start Starting ProtocolHandler ["http-nio-9494"]
29-Jul-2022 13:47:43.997 INFO [main] org.apache.catalina.startup.Catalina.start Server startup in [994] milliseconds
29-Jul-2022 13:47:46.414 INFO [http-nio-9494-exec-4] org.apache.catalina.startup.HostConfig.undeploy Undeploying context [/sampleWeb]
29-Jul-2022 13:47:46.419 INFO [http-nio-9494-exec-1] org.apache.catalina.startup.HostConfig.deployDescriptor Deploying deployment descriptor [C:\Program Files\Apache Software Foundation\Tomcat 10.0\conf\Catalina\localhost\sampleWeb.xml]
29-Jul-2022 13:47:46.419 WARNING [http-nio-9494-exec-1] org.apache.catalina.startup.HostConfig.deployDescriptor The path attribute with value [/sampleWeb] in deployment descriptor [C:\Program Files\Apache Software Foundation\Tomcat 10.0\conf\Catalina\localhost\sampleWeb.xml] has been ignored
29-Jul-2022 13:47:48.962 INFO [http-nio-9494-exec-1] org.apache.catalina.startup.HostConfig.deployDescriptor Deployment of deployment descriptor [C:\Program Files\Apache Software Foundation\Tomcat 10.0\conf\Catalina\localhost\sampleWeb.xml] has finished in [2,543] ms
29-Jul-2022 13:47:49.234 INFO [http-nio-9494-exec-2] org.apache.catalina.util.LifecycleBase.start The start() method was called on component [StandardEngine[Catalina].StandardHost[localhost].StandardContext[/sampleWeb]] after start() had already been called. The second call will be ignored.
29-Jul-2022 13:49:54.132 INFO [Catalina-utility-2] org.apache.catalina.startup.HostConfig.reload Reloading context [/sampleWeb]
29-Jul-2022 13:49:54.132 INFO [Catalina-utility-2] org.apache.catalina.core.StandardContext.reload Reloading Context with name [/sampleWeb] has started
29-Jul-2022 13:49:54.796 INFO [Catalina-utility-2] org.apache.catalina.core.StandardContext.reload Reloading Context with name [/sampleWeb] is completed
29-Jul-2022 13:50:04.198 INFO [http-nio-9494-exec-22] org.apache.catalina.startup.HostConfig.undeploy Undeploying context [/sampleWeb]
29-Jul-2022 13:50:04.208 INFO [http-nio-9494-exec-5] org.apache.catalina.startup.HostConfig.deployDescriptor Deploying deployment descriptor [C:\Program Files\Apache Software Foundation\Tomcat 10.0\conf\Catalina\localhost\sampleWeb.xml]
29-Jul-2022 13:50:04.208 WARNING [http-nio-9494-exec-5] org.apache.catalina.startup.HostConfig.deployDescriptor The path attribute with value [/sampleWeb] in deployment descriptor [C:\Program Files\Apache Software Foundation\Tomcat 10.0\conf\Catalina\localhost\sampleWeb.xml] has been ignored
29-Jul-2022 13:50:04.742 INFO [http-nio-9494-exec-5] org.apache.catalina.startup.HostConfig.deployDescriptor Deployment of deployment descriptor [C:\Program Files\Apache Software Foundation\Tomcat 10.0\conf\Catalina\localhost\sampleWeb.xml] has finished in [534] ms
29-Jul-2022 13:50:04.748 INFO [http-nio-9494-exec-20] org.apache.catalina.util.LifecycleBase.start The start() method was called on component [StandardEngine[Catalina].StandardHost[localhost].StandardContext[/sampleWeb]] after start() had already been called. The second call will be ignored.
29-Jul-2022 13:50:04.813 INFO [Catalina-utility-1] org.apache.catalina.webresources.Cache.backgroundProcess The background cache eviction process was unable to free [10] percent of the cache for Context [/sampleWeb] - consider increasing the maximum size of the cache. After eviction approximately [9,839] KB of data remained in the cache.
29-Jul-2022 13:50:34.853 INFO [Catalina-utility-2] org.apache.catalina.startup.HostConfig.reload Reloading context [/sampleWeb]
29-Jul-2022 13:50:34.853 INFO [Catalina-utility-2] org.apache.catalina.core.StandardContext.reload Reloading Context with name [/sampleWeb] has started
29-Jul-2022 13:50:35.334 INFO [Catalina-utility-2] org.apache.catalina.core.StandardContext.reload Reloading Context with name [/sampleWeb] is completed
29-Jul-2022 13:50:35.336 INFO [Catalina-utility-2] org.apache.catalina.webresources.Cache.backgroundProcess The background cache eviction process was unable to free [10] percent of the cache for Context [/sampleWeb] - consider increasing the maximum size of the cache. After eviction approximately [9,840] KB of data remained in the cache.
29-Jul-2022 13:53:18.649 INFO [http-nio-9494-exec-21] org.apache.catalina.core.StandardContext.reload Reloading Context with name [/sampleWeb] has started
29-Jul-2022 13:53:19.302 INFO [http-nio-9494-exec-21] org.apache.catalina.core.StandardContext.reload Reloading Context with name [/sampleWeb] is completed
29-Jul-2022 13:55:17.874 INFO [http-nio-9494-exec-27] org.apache.catalina.core.StandardContext.reload Reloading Context with name [/sampleWeb] has started
29-Jul-2022 13:55:18.396 INFO [http-nio-9494-exec-27] org.apache.catalina.core.StandardContext.reload Reloading Context with name [/sampleWeb] is completed
29-Jul-2022 13:55:24.461 INFO [http-nio-9494-exec-27] org.apache.catalina.startup.HostConfig.undeploy Undeploying context [/sampleWeb]
29-Jul-2022 13:55:24.474 INFO [http-nio-9494-exec-30] org.apache.catalina.startup.HostConfig.deployDescriptor Deploying deployment descriptor [C:\Program Files\Apache Software Foundation\Tomcat 10.0\conf\Catalina\localhost\sampleWeb.xml]
29-Jul-2022 13:55:24.475 WARNING [http-nio-9494-exec-30] org.apache.catalina.startup.HostConfig.deployDescriptor The path attribute with value [/sampleWeb] in deployment descriptor [C:\Program Files\Apache Software Foundation\Tomcat 10.0\conf\Catalina\localhost\sampleWeb.xml] has been ignored
29-Jul-2022 13:55:24.953 INFO [http-nio-9494-exec-30] org.apache.catalina.startup.HostConfig.deployDescriptor Deployment of deployment descriptor [C:\Program Files\Apache Software Foundation\Tomcat 10.0\conf\Catalina\localhost\sampleWeb.xml] has finished in [479] ms
29-Jul-2022 13:55:24.955 INFO [http-nio-9494-exec-37] org.apache.catalina.util.LifecycleBase.start The start() method was called on component [StandardEngine[Catalina].StandardHost[localhost].StandardContext[/sampleWeb]] after start() had already been called. The second call will be ignored.
29-Jul-2022 13:55:25.701 INFO [Catalina-utility-1] org.apache.catalina.webresources.Cache.backgroundProcess The background cache eviction process was unable to free [10] percent of the cache for Context [/sampleWeb] - consider increasing the maximum size of the cache. After eviction approximately [9,841] KB of data remained in the cache.
29-Jul-2022 13:57:31.215 INFO [http-nio-9494-exec-45] org.apache.catalina.core.StandardContext.reload Reloading Context with name [/sampleWeb] has started
29-Jul-2022 13:57:31.747 INFO [http-nio-9494-exec-45] org.apache.catalina.core.StandardContext.reload Reloading Context with name [/sampleWeb] is completed
29-Jul-2022 13:57:35.847 INFO [Catalina-utility-1] org.apache.catalina.webresources.Cache.backgroundProcess The background cache eviction process was unable to free [10] percent of the cache for Context [/sampleWeb] - consider increasing the maximum size of the cache. After eviction approximately [9,840] KB of data remained in the cache.
29-Jul-2022 13:58:06.207 INFO [http-nio-9494-exec-38] org.apache.catalina.core.StandardContext.reload Reloading Context with name [/sampleWeb] has started
29-Jul-2022 13:58:06.664 INFO [http-nio-9494-exec-38] org.apache.catalina.core.StandardContext.reload Reloading Context with name [/sampleWeb] is completed
29-Jul-2022 13:58:08.863 INFO [http-nio-9494-exec-44] org.apache.catalina.startup.HostConfig.undeploy Undeploying context [/sampleWeb]
29-Jul-2022 13:58:08.878 INFO [http-nio-9494-exec-45] org.apache.catalina.startup.HostConfig.deployDescriptor Deploying deployment descriptor [C:\Program Files\Apache Software Foundation\Tomcat 10.0\conf\Catalina\localhost\sampleWeb.xml]
29-Jul-2022 13:58:08.879 WARNING [http-nio-9494-exec-45] org.apache.catalina.startup.HostConfig.deployDescriptor The path attribute with value [/sampleWeb] in deployment descriptor [C:\Program Files\Apache Software Foundation\Tomcat 10.0\conf\Catalina\localhost\sampleWeb.xml] has been ignored
29-Jul-2022 13:58:09.332 INFO [http-nio-9494-exec-45] org.apache.catalina.startup.HostConfig.deployDescriptor Deployment of deployment descriptor [C:\Program Files\Apache Software Foundation\Tomcat 10.0\conf\Catalina\localhost\sampleWeb.xml] has finished in [454] ms
29-Jul-2022 13:58:09.332 INFO [http-nio-9494-exec-38] org.apache.catalina.util.LifecycleBase.start The start() method was called on component [StandardEngine[Catalina].StandardHost[localhost].StandardContext[/sampleWeb]] after start() had already been called. The second call will be ignored.
29-Jul-2022 14:43:39.998 INFO [http-nio-9494-exec-51] org.apache.catalina.startup.HostConfig.deployDescriptor Deploying deployment descriptor [C:\Program Files\Apache Software Foundation\Tomcat 10.0\conf\Catalina\localhost\sampleWeb2.xml]
29-Jul-2022 14:43:39.998 WARNING [http-nio-9494-exec-51] org.apache.catalina.startup.HostConfig.deployDescriptor The path attribute with value [/sampleWeb2] in deployment descriptor [C:\Program Files\Apache Software Foundation\Tomcat 10.0\conf\Catalina\localhost\sampleWeb2.xml] has been ignored
29-Jul-2022 14:43:42.679 INFO [http-nio-9494-exec-51] org.apache.catalina.startup.HostConfig.deployDescriptor Deployment of deployment descriptor [C:\Program Files\Apache Software Foundation\Tomcat 10.0\conf\Catalina\localhost\sampleWeb2.xml] has finished in [2,681] ms
29-Jul-2022 14:43:42.689 INFO [http-nio-9494-exec-53] org.apache.catalina.util.LifecycleBase.start The start() method was called on component [StandardEngine[Catalina].StandardHost[localhost].StandardContext[/sampleWeb2]] after start() had already been called. The second call will be ignored.
29-Jul-2022 14:44:21.825 INFO [http-nio-9494-exec-48] org.apache.catalina.core.StandardContext.reload Reloading Context with name [/sampleWeb2] has started
29-Jul-2022 14:44:22.252 INFO [http-nio-9494-exec-48] org.apache.catalina.core.StandardContext.reload Reloading Context with name [/sampleWeb2] is completed
29-Jul-2022 14:47:02.312 INFO [http-nio-9494-exec-54] org.apache.catalina.core.StandardContext.reload Reloading Context with name [/sampleWeb2] has started
29-Jul-2022 14:47:02.746 INFO [http-nio-9494-exec-54] org.apache.catalina.core.StandardContext.reload Reloading Context with name [/sampleWeb2] is completed
29-Jul-2022 14:49:25.496 INFO [http-nio-9494-exec-54] org.apache.catalina.core.StandardContext.reload Reloading Context with name [/sampleWeb2] has started
29-Jul-2022 14:49:26.057 INFO [http-nio-9494-exec-54] org.apache.catalina.core.StandardContext.reload Reloading Context with name [/sampleWeb2] is completed
29-Jul-2022 14:49:26.402 INFO [http-nio-9494-exec-52] org.apache.catalina.core.StandardContext.reload Reloading Context with name [/sampleWeb2] has started
29-Jul-2022 14:49:26.867 INFO [http-nio-9494-exec-52] org.apache.catalina.core.StandardContext.reload Reloading Context with name [/sampleWeb2] is completed
29-Jul-2022 14:49:30.705 INFO [Catalina-utility-2] org.apache.catalina.webresources.Cache.backgroundProcess The background cache eviction process was unable to free [10] percent of the cache for Context [/sampleWeb2] - consider increasing the maximum size of the cache. After eviction approximately [9,895] KB of data remained in the cache.
29-Jul-2022 14:49:52.339 INFO [http-nio-9494-exec-58] org.apache.catalina.core.StandardContext.reload Reloading Context with name [/sampleWeb2] has started
29-Jul-2022 14:49:52.751 INFO [http-nio-9494-exec-58] org.apache.catalina.core.StandardContext.reload Reloading Context with name [/sampleWeb2] is completed
29-Jul-2022 14:51:00.809 INFO [Catalina-utility-2] org.apache.catalina.startup.HostConfig.reload Reloading context [/sampleWeb2]
29-Jul-2022 14:51:00.810 INFO [Catalina-utility-2] org.apache.catalina.core.StandardContext.reload Reloading Context with name [/sampleWeb2] has started
29-Jul-2022 14:51:01.210 INFO [Catalina-utility-2] org.apache.catalina.core.StandardContext.reload Reloading Context with name [/sampleWeb2] is completed
29-Jul-2022 14:51:01.212 INFO [Catalina-utility-2] org.apache.catalina.webresources.Cache.backgroundProcess The background cache eviction process was unable to free [10] percent of the cache for Context [/sampleWeb2] - consider increasing the maximum size of the cache. After eviction approximately [9,895] KB of data remained in the cache.
29-Jul-2022 14:51:19.963 INFO [http-nio-9494-exec-59] org.apache.catalina.core.StandardContext.reload Reloading Context with name [/sampleWeb2] has started
29-Jul-2022 14:51:20.368 INFO [http-nio-9494-exec-59] org.apache.catalina.core.StandardContext.reload Reloading Context with name [/sampleWeb2] is completed
29-Jul-2022 14:51:21.236 INFO [Catalina-utility-1] org.apache.catalina.webresources.Cache.backgroundProcess The background cache eviction process was unable to free [10] percent of the cache for Context [/sampleWeb2] - consider increasing the maximum size of the cache. After eviction approximately [9,895] KB of data remained in the cache.
29-Jul-2022 15:04:56.536 INFO [http-nio-9494-exec-76] org.apache.catalina.core.StandardContext.reload Reloading Context with name [/sampleWeb2] has started
29-Jul-2022 15:04:56.948 INFO [http-nio-9494-exec-76] org.apache.catalina.core.StandardContext.reload Reloading Context with name [/sampleWeb2] is completed
29-Jul-2022 15:05:23.567 INFO [http-nio-9494-exec-72] org.apache.catalina.core.StandardContext.reload Reloading Context with name [/sampleWeb2] has started
29-Jul-2022 15:05:23.953 INFO [http-nio-9494-exec-72] org.apache.catalina.core.StandardContext.reload Reloading Context with name [/sampleWeb2] is completed
29-Jul-2022 15:05:36.961 INFO [http-nio-9494-exec-77] org.apache.catalina.core.StandardContext.reload Reloading Context with name [/sampleWeb2] has started
29-Jul-2022 15:05:37.390 INFO [http-nio-9494-exec-77] org.apache.catalina.core.StandardContext.reload Reloading Context with name [/sampleWeb2] is completed
29-Jul-2022 15:08:01.003 INFO [http-nio-9494-exec-73] org.apache.catalina.core.StandardContext.reload Reloading Context with name [/sampleWeb2] has started
29-Jul-2022 15:08:01.414 INFO [http-nio-9494-exec-73] org.apache.catalina.core.StandardContext.reload Reloading Context with name [/sampleWeb2] is completed
29-Jul-2022 15:08:02.860 INFO [Catalina-utility-2] org.apache.catalina.webresources.Cache.backgroundProcess The background cache eviction process was unable to free [10] percent of the cache for Context [/sampleWeb2] - consider increasing the maximum size of the cache. After eviction approximately [9,895] KB of data remained in the cache.
29-Jul-2022 15:09:15.718 INFO [http-nio-9494-exec-91] org.apache.catalina.core.StandardContext.reload Reloading Context with name [/sampleWeb2] has started
29-Jul-2022 15:09:16.255 INFO [http-nio-9494-exec-91] org.apache.catalina.core.StandardContext.reload Reloading Context with name [/sampleWeb2] is completed
29-Jul-2022 15:09:28.801 INFO [http-nio-9494-exec-89] org.apache.catalina.core.StandardContext.reload Reloading Context with name [/sampleWeb2] has started
29-Jul-2022 15:09:29.332 INFO [http-nio-9494-exec-89] org.apache.catalina.core.StandardContext.reload Reloading Context with name [/sampleWeb2] is completed
29-Jul-2022 15:09:32.997 INFO [Catalina-utility-1] org.apache.catalina.webresources.Cache.backgroundProcess The background cache eviction process was unable to free [10] percent of the cache for Context [/sampleWeb2] - consider increasing the maximum size of the cache. After eviction approximately [9,895] KB of data remained in the cache.
29-Jul-2022 15:26:04.296 INFO [http-nio-9494-exec-98] org.apache.catalina.core.StandardContext.reload Reloading Context with name [/sampleWeb2] has started
29-Jul-2022 15:26:04.912 INFO [http-nio-9494-exec-98] org.apache.catalina.core.StandardContext.reload Reloading Context with name [/sampleWeb2] is completed
29-Jul-2022 15:26:05.259 INFO [http-nio-9494-exec-93] org.apache.catalina.core.StandardContext.reload Reloading Context with name [/sampleWeb2] has started
29-Jul-2022 15:26:05.780 INFO [http-nio-9494-exec-93] org.apache.catalina.core.StandardContext.reload Reloading Context with name [/sampleWeb2] is completed
29-Jul-2022 15:26:05.928 INFO [Catalina-utility-1] org.apache.catalina.webresources.Cache.backgroundProcess The background cache eviction process was unable to free [10] percent of the cache for Context [/sampleWeb2] - consider increasing the maximum size of the cache. After eviction approximately [9,895] KB of data remained in the cache.
