29-Jul-2022 12:13:12.942 INFO [http-nio-9494-exec-3] org.apache.catalina.core.ApplicationContext.log Manager: init: Associated with Deployer 'Catalina:type=Deployer,host=localhost'
29-Jul-2022 12:13:12.942 INFO [http-nio-9494-exec-3] org.apache.catalina.core.ApplicationContext.log Manager: init: Global resources are available
29-Jul-2022 12:13:12.980 INFO [http-nio-9494-exec-1] org.apache.catalina.core.ApplicationContext.log Manager: list: Listing contexts for virtual host 'localhost'
29-Jul-2022 12:13:12.997 INFO [http-nio-9494-exec-4] org.apache.catalina.core.ApplicationContext.log Manager: list: Listing contexts for virtual host 'localhost'
29-Jul-2022 12:14:01.345 INFO [http-nio-9494-exec-6] org.apache.catalina.core.ApplicationContext.log Manager: list: Listing contexts for virtual host 'localhost'
29-Jul-2022 12:14:01.352 INFO [http-nio-9494-exec-10] org.apache.catalina.core.ApplicationContext.log Manager: list: Listing contexts for virtual host 'localhost'
29-Jul-2022 13:47:45.860 INFO [http-nio-9494-exec-4] org.apache.catalina.core.ApplicationContext.log Manager: init: Associated with Deployer 'Catalina:type=Deployer,host=localhost'
29-Jul-2022 13:47:45.860 INFO [http-nio-9494-exec-4] org.apache.catalina.core.ApplicationContext.log Manager: init: Global resources are available
29-Jul-2022 13:47:45.888 INFO [http-nio-9494-exec-10] org.apache.catalina.core.ApplicationContext.log Manager: list: Listing contexts for virtual host 'localhost'
29-Jul-2022 13:47:45.911 INFO [http-nio-9494-exec-4] org.apache.catalina.core.ApplicationContext.log Manager: undeploy: Undeploying web application at '/sampleWeb'
29-Jul-2022 13:47:46.419 INFO [http-nio-9494-exec-1] org.apache.catalina.core.ApplicationContext.log Manager: install: Installing context configuration at 'file:/C:/Users/Venugopal/AppData/Local/Temp/context13378387917020275818.xml'
29-Jul-2022 13:47:49.233 INFO [http-nio-9494-exec-2] org.apache.catalina.core.ApplicationContext.log Manager: start: Starting web application '/sampleWeb'
29-Jul-2022 13:49:49.218 INFO [http-nio-9494-exec-13] org.apache.catalina.core.ApplicationContext.log Manager: list: Listing contexts for virtual host 'localhost'
29-Jul-2022 13:49:49.580 INFO [http-nio-9494-exec-6] org.apache.catalina.core.ApplicationContext.log Manager: list: Listing contexts for virtual host 'localhost'
29-Jul-2022 13:49:54.332 INFO [http-nio-9494-exec-18] org.apache.catalina.core.ApplicationContext.log Manager: list: Listing contexts for virtual host 'localhost'
29-Jul-2022 13:49:54.343 INFO [http-nio-9494-exec-16] org.apache.catalina.core.ApplicationContext.log Manager: stop: Stopping web application '/sampleWeb'
29-Jul-2022 13:49:54.804 INFO [http-nio-9494-exec-11] org.apache.catalina.core.ApplicationContext.log Manager: start: Starting web application '/sampleWeb'
29-Jul-2022 13:49:55.531 INFO [http-nio-9494-exec-20] org.apache.catalina.core.ApplicationContext.log Manager: list: Listing contexts for virtual host 'localhost'
29-Jul-2022 13:49:55.531 INFO [http-nio-9494-exec-16] org.apache.catalina.core.ApplicationContext.log Manager: stop: Stopping web application '/sampleWeb'
29-Jul-2022 13:49:55.552 INFO [http-nio-9494-exec-11] org.apache.catalina.core.ApplicationContext.log Manager: start: Starting web application '/sampleWeb'
29-Jul-2022 13:49:59.149 INFO [http-nio-9494-exec-18] org.apache.catalina.core.ApplicationContext.log Manager: list: Listing contexts for virtual host 'localhost'
29-Jul-2022 13:49:59.474 INFO [http-nio-9494-exec-12] org.apache.catalina.core.ApplicationContext.log Manager: list: Listing contexts for virtual host 'localhost'
29-Jul-2022 13:50:03.673 INFO [http-nio-9494-exec-15] org.apache.catalina.core.ApplicationContext.log Manager: list: Listing contexts for virtual host 'localhost'
29-Jul-2022 13:50:03.680 INFO [http-nio-9494-exec-5] org.apache.catalina.core.ApplicationContext.log Manager: list: Listing contexts for virtual host 'localhost'
29-Jul-2022 13:50:03.694 INFO [http-nio-9494-exec-22] org.apache.catalina.core.ApplicationContext.log Manager: undeploy: Undeploying web application at '/sampleWeb'
29-Jul-2022 13:50:04.208 INFO [http-nio-9494-exec-5] org.apache.catalina.core.ApplicationContext.log Manager: install: Installing context configuration at 'file:/C:/Users/Venugopal/AppData/Local/Temp/context3242352222320761649.xml'
29-Jul-2022 13:50:04.748 INFO [http-nio-9494-exec-20] org.apache.catalina.core.ApplicationContext.log Manager: start: Starting web application '/sampleWeb'
29-Jul-2022 13:50:27.982 INFO [http-nio-9494-exec-26] org.apache.catalina.core.ApplicationContext.log Manager: list: Listing contexts for virtual host 'localhost'
29-Jul-2022 13:50:27.994 INFO [http-nio-9494-exec-16] org.apache.catalina.core.ApplicationContext.log Manager: stop: Stopping web application '/sampleWeb'
29-Jul-2022 13:50:28.004 INFO [http-nio-9494-exec-24] org.apache.catalina.core.ApplicationContext.log Manager: start: Starting web application '/sampleWeb'
29-Jul-2022 13:50:28.971 INFO [http-nio-9494-exec-27] org.apache.catalina.core.ApplicationContext.log Manager: list: Listing contexts for virtual host 'localhost'
29-Jul-2022 13:50:28.971 INFO [http-nio-9494-exec-25] org.apache.catalina.core.ApplicationContext.log Manager: stop: Stopping web application '/sampleWeb'
29-Jul-2022 13:50:28.990 INFO [http-nio-9494-exec-23] org.apache.catalina.core.ApplicationContext.log Manager: start: Starting web application '/sampleWeb'
29-Jul-2022 13:53:18.644 INFO [http-nio-9494-exec-29] org.apache.catalina.core.ApplicationContext.log Manager: list: Listing contexts for virtual host 'localhost'
29-Jul-2022 13:53:18.649 INFO [http-nio-9494-exec-21] org.apache.catalina.core.ApplicationContext.log Manager: restart: Reloading web application '/sampleWeb'
29-Jul-2022 13:55:17.868 INFO [http-nio-9494-exec-35] org.apache.catalina.core.ApplicationContext.log Manager: list: Listing contexts for virtual host 'localhost'
29-Jul-2022 13:55:17.874 INFO [http-nio-9494-exec-27] org.apache.catalina.core.ApplicationContext.log Manager: restart: Reloading web application '/sampleWeb'
29-Jul-2022 13:55:23.932 INFO [http-nio-9494-exec-21] org.apache.catalina.core.ApplicationContext.log Manager: list: Listing contexts for virtual host 'localhost'
29-Jul-2022 13:55:23.935 INFO [http-nio-9494-exec-37] org.apache.catalina.core.ApplicationContext.log Manager: list: Listing contexts for virtual host 'localhost'
29-Jul-2022 13:55:23.949 INFO [http-nio-9494-exec-27] org.apache.catalina.core.ApplicationContext.log Manager: undeploy: Undeploying web application at '/sampleWeb'
29-Jul-2022 13:55:24.472 INFO [http-nio-9494-exec-30] org.apache.catalina.core.ApplicationContext.log Manager: install: Installing context configuration at 'file:/C:/Users/Venugopal/AppData/Local/Temp/context16727121367823664136.xml'
29-Jul-2022 13:55:24.955 INFO [http-nio-9494-exec-37] org.apache.catalina.core.ApplicationContext.log Manager: start: Starting web application '/sampleWeb'
29-Jul-2022 13:57:31.209 INFO [http-nio-9494-exec-41] org.apache.catalina.core.ApplicationContext.log Manager: list: Listing contexts for virtual host 'localhost'
29-Jul-2022 13:57:31.215 INFO [http-nio-9494-exec-45] org.apache.catalina.core.ApplicationContext.log Manager: restart: Reloading web application '/sampleWeb'
29-Jul-2022 13:58:06.201 INFO [http-nio-9494-exec-42] org.apache.catalina.core.ApplicationContext.log Manager: list: Listing contexts for virtual host 'localhost'
29-Jul-2022 13:58:06.207 INFO [http-nio-9494-exec-38] org.apache.catalina.core.ApplicationContext.log Manager: restart: Reloading web application '/sampleWeb'
29-Jul-2022 13:58:08.342 INFO [http-nio-9494-exec-38] org.apache.catalina.core.ApplicationContext.log Manager: list: Listing contexts for virtual host 'localhost'
29-Jul-2022 13:58:08.347 INFO [http-nio-9494-exec-40] org.apache.catalina.core.ApplicationContext.log Manager: list: Listing contexts for virtual host 'localhost'
29-Jul-2022 13:58:08.358 INFO [http-nio-9494-exec-44] org.apache.catalina.core.ApplicationContext.log Manager: undeploy: Undeploying web application at '/sampleWeb'
29-Jul-2022 13:58:08.876 INFO [http-nio-9494-exec-45] org.apache.catalina.core.ApplicationContext.log Manager: install: Installing context configuration at 'file:/C:/Users/Venugopal/AppData/Local/Temp/context5062606597634363930.xml'
29-Jul-2022 13:58:09.332 INFO [http-nio-9494-exec-38] org.apache.catalina.core.ApplicationContext.log Manager: start: Starting web application '/sampleWeb'
29-Jul-2022 14:43:39.988 INFO [http-nio-9494-exec-49] org.apache.catalina.core.ApplicationContext.log Manager: list: Listing contexts for virtual host 'localhost'
29-Jul-2022 14:43:39.998 INFO [http-nio-9494-exec-57] org.apache.catalina.core.ApplicationContext.log Manager: list: Listing contexts for virtual host 'localhost'
29-Jul-2022 14:43:39.998 INFO [http-nio-9494-exec-51] org.apache.catalina.core.ApplicationContext.log Manager: install: Installing context configuration at 'file:/C:/Users/Venugopal/AppData/Local/Temp/context15340266191674078105.xml'
29-Jul-2022 14:43:42.689 INFO [http-nio-9494-exec-53] org.apache.catalina.core.ApplicationContext.log Manager: start: Starting web application '/sampleWeb2'
29-Jul-2022 14:44:21.818 INFO [http-nio-9494-exec-54] org.apache.catalina.core.ApplicationContext.log Manager: list: Listing contexts for virtual host 'localhost'
29-Jul-2022 14:44:21.825 INFO [http-nio-9494-exec-48] org.apache.catalina.core.ApplicationContext.log Manager: restart: Reloading web application '/sampleWeb2'
29-Jul-2022 14:47:02.304 INFO [http-nio-9494-exec-61] org.apache.catalina.core.ApplicationContext.log Manager: list: Listing contexts for virtual host 'localhost'
29-Jul-2022 14:47:02.312 INFO [http-nio-9494-exec-54] org.apache.catalina.core.ApplicationContext.log Manager: restart: Reloading web application '/sampleWeb2'
29-Jul-2022 14:49:25.474 INFO [http-nio-9494-exec-63] org.apache.catalina.core.ApplicationContext.log Manager: list: Listing contexts for virtual host 'localhost'
29-Jul-2022 14:49:25.496 INFO [http-nio-9494-exec-54] org.apache.catalina.core.ApplicationContext.log Manager: restart: Reloading web application '/sampleWeb2'
29-Jul-2022 14:49:26.393 INFO [http-nio-9494-exec-51] org.apache.catalina.core.ApplicationContext.log Manager: list: Listing contexts for virtual host 'localhost'
29-Jul-2022 14:49:26.402 INFO [http-nio-9494-exec-52] org.apache.catalina.core.ApplicationContext.log Manager: restart: Reloading web application '/sampleWeb2'
29-Jul-2022 14:49:52.331 INFO [http-nio-9494-exec-63] org.apache.catalina.core.ApplicationContext.log Manager: list: Listing contexts for virtual host 'localhost'
29-Jul-2022 14:49:52.339 INFO [http-nio-9494-exec-58] org.apache.catalina.core.ApplicationContext.log Manager: restart: Reloading web application '/sampleWeb2'
29-Jul-2022 14:50:59.542 INFO [http-nio-9494-exec-67] org.apache.catalina.core.ApplicationContext.log Manager: list: Listing contexts for virtual host 'localhost'
29-Jul-2022 14:50:59.561 INFO [http-nio-9494-exec-65] org.apache.catalina.core.ApplicationContext.log Manager: stop: Stopping web application '/sampleWeb2'
29-Jul-2022 14:50:59.569 INFO [http-nio-9494-exec-58] org.apache.catalina.core.ApplicationContext.log Manager: start: Starting web application '/sampleWeb2'
29-Jul-2022 14:51:19.956 INFO [http-nio-9494-exec-51] org.apache.catalina.core.ApplicationContext.log Manager: list: Listing contexts for virtual host 'localhost'
29-Jul-2022 14:51:19.963 INFO [http-nio-9494-exec-59] org.apache.catalina.core.ApplicationContext.log Manager: restart: Reloading web application '/sampleWeb2'
29-Jul-2022 15:04:56.527 INFO [http-nio-9494-exec-74] org.apache.catalina.core.ApplicationContext.log Manager: list: Listing contexts for virtual host 'localhost'
29-Jul-2022 15:04:56.536 INFO [http-nio-9494-exec-76] org.apache.catalina.core.ApplicationContext.log Manager: restart: Reloading web application '/sampleWeb2'
29-Jul-2022 15:05:23.560 INFO [http-nio-9494-exec-62] org.apache.catalina.core.ApplicationContext.log Manager: list: Listing contexts for virtual host 'localhost'
29-Jul-2022 15:05:23.567 INFO [http-nio-9494-exec-72] org.apache.catalina.core.ApplicationContext.log Manager: restart: Reloading web application '/sampleWeb2'
29-Jul-2022 15:05:36.952 INFO [http-nio-9494-exec-73] org.apache.catalina.core.ApplicationContext.log Manager: list: Listing contexts for virtual host 'localhost'
29-Jul-2022 15:05:36.961 INFO [http-nio-9494-exec-77] org.apache.catalina.core.ApplicationContext.log Manager: restart: Reloading web application '/sampleWeb2'
29-Jul-2022 15:08:00.994 INFO [http-nio-9494-exec-80] org.apache.catalina.core.ApplicationContext.log Manager: list: Listing contexts for virtual host 'localhost'
29-Jul-2022 15:08:01.003 INFO [http-nio-9494-exec-73] org.apache.catalina.core.ApplicationContext.log Manager: restart: Reloading web application '/sampleWeb2'
29-Jul-2022 15:08:05.666 INFO [http-nio-9494-exec-81] org.apache.catalina.core.ApplicationContext.log Manager: list: Listing contexts for virtual host 'localhost'
29-Jul-2022 15:08:05.674 INFO [http-nio-9494-exec-76] org.apache.catalina.core.ApplicationContext.log Manager: list: Listing contexts for virtual host 'localhost'
29-Jul-2022 15:08:05.899 INFO [http-nio-9494-exec-67] org.apache.catalina.core.ApplicationContext.log Manager: stop: Stopping web application '/sampleWeb2'
29-Jul-2022 15:08:05.906 INFO [http-nio-9494-exec-73] org.apache.catalina.core.ApplicationContext.log Manager: start: Starting web application '/sampleWeb2'
29-Jul-2022 15:09:15.710 INFO [http-nio-9494-exec-87] org.apache.catalina.core.ApplicationContext.log Manager: list: Listing contexts for virtual host 'localhost'
29-Jul-2022 15:09:15.718 INFO [http-nio-9494-exec-91] org.apache.catalina.core.ApplicationContext.log Manager: restart: Reloading web application '/sampleWeb2'
29-Jul-2022 15:09:28.794 INFO [http-nio-9494-exec-79] org.apache.catalina.core.ApplicationContext.log Manager: list: Listing contexts for virtual host 'localhost'
29-Jul-2022 15:09:28.801 INFO [http-nio-9494-exec-89] org.apache.catalina.core.ApplicationContext.log Manager: restart: Reloading web application '/sampleWeb2'
29-Jul-2022 15:26:04.287 INFO [http-nio-9494-exec-97] org.apache.catalina.core.ApplicationContext.log Manager: list: Listing contexts for virtual host 'localhost'
29-Jul-2022 15:26:04.296 INFO [http-nio-9494-exec-98] org.apache.catalina.core.ApplicationContext.log Manager: restart: Reloading web application '/sampleWeb2'
29-Jul-2022 15:26:05.252 INFO [http-nio-9494-exec-83] org.apache.catalina.core.ApplicationContext.log Manager: list: Listing contexts for virtual host 'localhost'
29-Jul-2022 15:26:05.259 INFO [http-nio-9494-exec-93] org.apache.catalina.core.ApplicationContext.log Manager: restart: Reloading web application '/sampleWeb2'
29-Jul-2022 15:27:41.846 INFO [http-nio-9494-exec-86] org.apache.catalina.core.ApplicationContext.log Manager: list: Listing contexts for virtual host 'localhost'
29-Jul-2022 15:27:42.184 INFO [http-nio-9494-exec-96] org.apache.catalina.core.ApplicationContext.log Manager: list: Listing contexts for virtual host 'localhost'
