18-Jul-2022 11:06:32.187 INFO [http-nio-9494-exec-6] org.apache.catalina.core.ApplicationContext.log Manager: init: Associated with Deployer 'Catalina:type=Deployer,host=localhost'
18-Jul-2022 11:06:32.187 INFO [http-nio-9494-exec-6] org.apache.catalina.core.ApplicationContext.log Manager: init: Global resources are available
18-Jul-2022 12:14:19.387 INFO [http-nio-9494-exec-8] org.apache.catalina.core.ApplicationContext.log Manager: list: Listing contexts for virtual host 'localhost'
18-Jul-2022 12:14:19.414 INFO [http-nio-9494-exec-6] org.apache.catalina.core.ApplicationContext.log Manager: list: Listing contexts for virtual host 'localhost'
18-Jul-2022 12:14:19.449 INFO [http-nio-9494-exec-1] org.apache.catalina.core.ApplicationContext.log Manager: install: Installing context configuration at 'file:/C:/Users/Venugopal/AppData/Local/Temp/context16976186652988852817.xml'
18-Jul-2022 12:14:19.666 INFO [http-nio-9494-exec-10] org.apache.catalina.core.ApplicationContext.log Manager: start: Starting web application '/WebApplication1'
18-Jul-2022 12:14:27.848 INFO [http-nio-9494-exec-10] org.apache.catalina.core.ApplicationContext.log Manager: list: Listing contexts for virtual host 'localhost'
18-Jul-2022 12:14:27.856 INFO [http-nio-9494-exec-6] org.apache.catalina.core.ApplicationContext.log Manager: list: Listing contexts for virtual host 'localhost'
18-Jul-2022 12:14:34.718 INFO [http-nio-9494-exec-5] org.apache.catalina.core.ApplicationContext.log Manager: list: Listing contexts for virtual host 'localhost'
18-Jul-2022 12:14:34.726 INFO [http-nio-9494-exec-6] org.apache.catalina.core.ApplicationContext.log Manager: list: Listing contexts for virtual host 'localhost'
18-Jul-2022 12:14:35.369 INFO [http-nio-9494-exec-8] org.apache.catalina.core.ApplicationContext.log Manager: list: Listing contexts for virtual host 'localhost'
18-Jul-2022 12:14:35.379 INFO [http-nio-9494-exec-9] org.apache.catalina.core.ApplicationContext.log Manager: list: Listing contexts for virtual host 'localhost'
18-Jul-2022 12:14:41.098 INFO [http-nio-9494-exec-7] org.apache.catalina.core.ApplicationContext.log Manager: list: Listing contexts for virtual host 'localhost'
18-Jul-2022 12:14:41.103 INFO [http-nio-9494-exec-3] org.apache.catalina.core.ApplicationContext.log Manager: list: Listing contexts for virtual host 'localhost'
18-Jul-2022 12:14:42.852 INFO [http-nio-9494-exec-7] org.apache.catalina.core.ApplicationContext.log Manager: list: Listing contexts for virtual host 'localhost'
18-Jul-2022 12:14:42.861 INFO [http-nio-9494-exec-10] org.apache.catalina.core.ApplicationContext.log Manager: list: Listing contexts for virtual host 'localhost'
18-Jul-2022 12:14:47.950 INFO [http-nio-9494-exec-1] org.apache.catalina.core.ApplicationContext.log Manager: list: Listing contexts for virtual host 'localhost'
18-Jul-2022 12:14:47.957 INFO [http-nio-9494-exec-2] org.apache.catalina.core.ApplicationContext.log Manager: list: Listing contexts for virtual host 'localhost'
18-Jul-2022 12:32:02.840 INFO [http-nio-9494-exec-2] org.apache.catalina.core.ApplicationContext.log Manager: list: Listing contexts for virtual host 'localhost'
18-Jul-2022 12:32:03.424 INFO [http-nio-9494-exec-2] org.apache.catalina.core.ApplicationContext.log Manager: list: Listing contexts for virtual host 'localhost'
18-Jul-2022 12:32:03.438 INFO [http-nio-9494-exec-3] org.apache.catalina.core.ApplicationContext.log Manager: list: Listing contexts for virtual host 'localhost'
18-Jul-2022 12:32:19.007 INFO [http-nio-9494-exec-6] org.apache.catalina.core.ApplicationContext.log Manager: list: Listing contexts for virtual host 'localhost'
18-Jul-2022 12:33:42.294 INFO [http-nio-9494-exec-1] org.apache.catalina.core.ApplicationContext.log Manager: list: Listing contexts for virtual host 'localhost'
18-Jul-2022 12:33:42.637 INFO [http-nio-9494-exec-10] org.apache.catalina.core.ApplicationContext.log Manager: list: Listing contexts for virtual host 'localhost'
18-Jul-2022 12:34:32.711 INFO [http-nio-9494-exec-8] org.apache.catalina.core.ApplicationContext.log Manager: list: Listing contexts for virtual host 'localhost'
18-Jul-2022 12:34:32.984 INFO [http-nio-9494-exec-5] org.apache.catalina.core.ApplicationContext.log Manager: list: Listing contexts for virtual host 'localhost'
18-Jul-2022 12:34:32.991 INFO [http-nio-9494-exec-1] org.apache.catalina.core.ApplicationContext.log Manager: list: Listing contexts for virtual host 'localhost'
18-Jul-2022 12:34:33.046 INFO [http-nio-9494-exec-2] org.apache.catalina.core.ApplicationContext.log Manager: list: Listing contexts for virtual host 'localhost'
18-Jul-2022 12:34:50.266 INFO [http-nio-9494-exec-6] org.apache.catalina.core.ApplicationContext.log Manager: list: Listing contexts for virtual host 'localhost'
18-Jul-2022 12:34:50.270 INFO [http-nio-9494-exec-9] org.apache.catalina.core.ApplicationContext.log Manager: list: Listing contexts for virtual host 'localhost'
18-Jul-2022 12:35:11.200 INFO [http-nio-9494-exec-7] org.apache.catalina.core.ApplicationContext.log Manager: list: Listing contexts for virtual host 'localhost'
18-Jul-2022 12:35:11.206 INFO [http-nio-9494-exec-4] org.apache.catalina.core.ApplicationContext.log Manager: list: Listing contexts for virtual host 'localhost'
18-Jul-2022 12:35:33.257 INFO [http-nio-9494-exec-8] org.apache.catalina.core.ApplicationContext.log Manager: list: Listing contexts for virtual host 'localhost'
18-Jul-2022 12:35:33.265 INFO [http-nio-9494-exec-6] org.apache.catalina.core.ApplicationContext.log Manager: list: Listing contexts for virtual host 'localhost'
18-Jul-2022 12:35:46.487 INFO [http-nio-9494-exec-7] org.apache.catalina.core.ApplicationContext.log Manager: list: Listing contexts for virtual host 'localhost'
18-Jul-2022 12:35:46.660 INFO [http-nio-9494-exec-7] org.apache.catalina.core.ApplicationContext.log Manager: list: Listing contexts for virtual host 'localhost'
18-Jul-2022 12:35:46.666 INFO [http-nio-9494-exec-2] org.apache.catalina.core.ApplicationContext.log Manager: list: Listing contexts for virtual host 'localhost'
