28-Jul-2022 18:09:52.942 INFO [http-nio-9494-exec-1] org.apache.catalina.core.ApplicationContext.log Manager: init: Associated with Deployer 'Catalina:type=Deployer,host=localhost'
28-Jul-2022 18:09:52.942 INFO [http-nio-9494-exec-1] org.apache.catalina.core.ApplicationContext.log Manager: init: Global resources are available
28-Jul-2022 18:09:52.976 INFO [http-nio-9494-exec-10] org.apache.catalina.core.ApplicationContext.log Manager: list: Listing contexts for virtual host 'localhost'
28-Jul-2022 18:09:52.996 INFO [http-nio-9494-exec-4] org.apache.catalina.core.ApplicationContext.log Manager: list: Listing contexts for virtual host 'localhost'
28-Jul-2022 18:09:53.006 INFO [http-nio-9494-exec-6] org.apache.catalina.core.ApplicationContext.log Manager: install: Installing context configuration at 'file:/C:/Users/Venugopal/AppData/Local/Temp/context15603896371627624320.xml'
28-Jul-2022 18:09:53.076 INFO [http-nio-9494-exec-9] org.apache.catalina.core.ApplicationContext.log Manager: start: Starting web application '/sampleWeb'
28-Jul-2022 18:10:32.997 INFO [http-nio-9494-exec-10] org.apache.catalina.core.ApplicationContext.log Manager: list: Listing contexts for virtual host 'localhost'
28-Jul-2022 18:14:31.380 INFO [http-nio-9494-exec-8] org.apache.catalina.core.ApplicationContext.log Manager: list: Listing contexts for virtual host 'localhost'
28-Jul-2022 18:14:31.812 INFO [http-nio-9494-exec-5] org.apache.catalina.core.ApplicationContext.log Manager: list: Listing contexts for virtual host 'localhost'
28-Jul-2022 18:14:39.253 INFO [http-nio-9494-exec-10] org.apache.catalina.core.ApplicationContext.log Manager: list: Listing contexts for virtual host 'localhost'
28-Jul-2022 18:14:47.578 INFO [http-nio-9494-exec-7] org.apache.catalina.core.ApplicationContext.log Manager: list: Listing contexts for virtual host 'localhost'
28-Jul-2022 18:29:14.709 INFO [http-nio-9494-exec-4] org.apache.catalina.core.ApplicationContext.log Manager: list: Listing contexts for virtual host 'localhost'
28-Jul-2022 18:29:57.319 INFO [http-nio-9494-exec-1] org.apache.catalina.core.ApplicationContext.log Manager: list: Listing contexts for virtual host 'localhost'
28-Jul-2022 18:30:32.015 INFO [http-nio-9494-exec-2] org.apache.catalina.core.ApplicationContext.log Manager: list: Listing contexts for virtual host 'localhost'
28-Jul-2022 18:30:59.796 INFO [http-nio-9494-exec-10] org.apache.catalina.core.ApplicationContext.log Manager: list: Listing contexts for virtual host 'localhost'
28-Jul-2022 18:33:35.958 INFO [http-nio-9494-exec-3] org.apache.catalina.core.ApplicationContext.log Manager: list: Listing contexts for virtual host 'localhost'
28-Jul-2022 18:34:34.212 INFO [http-nio-9494-exec-5] org.apache.catalina.core.ApplicationContext.log Manager: list: Listing contexts for virtual host 'localhost'
28-Jul-2022 18:34:34.220 INFO [http-nio-9494-exec-2] org.apache.catalina.core.ApplicationContext.log Manager: list: Listing contexts for virtual host 'localhost'
28-Jul-2022 18:35:57.760 INFO [http-nio-9494-exec-3] org.apache.catalina.core.ApplicationContext.log Manager: list: Listing contexts for virtual host 'localhost'
28-Jul-2022 18:35:57.769 INFO [http-nio-9494-exec-9] org.apache.catalina.core.ApplicationContext.log Manager: list: Listing contexts for virtual host 'localhost'
28-Jul-2022 18:36:53.990 INFO [http-nio-9494-exec-8] org.apache.catalina.core.ApplicationContext.log Manager: list: Listing contexts for virtual host 'localhost'
28-Jul-2022 18:36:54.334 INFO [http-nio-9494-exec-2] org.apache.catalina.core.ApplicationContext.log Manager: list: Listing contexts for virtual host 'localhost'
28-Jul-2022 18:38:13.034 INFO [http-nio-9494-exec-7] org.apache.catalina.core.ApplicationContext.log Manager: list: Listing contexts for virtual host 'localhost'
28-Jul-2022 18:38:35.754 INFO [http-nio-9494-exec-8] org.apache.catalina.core.ApplicationContext.log Manager: list: Listing contexts for virtual host 'localhost'
28-Jul-2022 18:38:36.101 INFO [http-nio-9494-exec-6] org.apache.catalina.core.ApplicationContext.log Manager: list: Listing contexts for virtual host 'localhost'
28-Jul-2022 18:38:43.418 INFO [http-nio-9494-exec-1] org.apache.catalina.core.ApplicationContext.log Manager: list: Listing contexts for virtual host 'localhost'
28-Jul-2022 18:38:59.793 INFO [http-nio-9494-exec-6] org.apache.catalina.core.ApplicationContext.log Manager: list: Listing contexts for virtual host 'localhost'
28-Jul-2022 18:38:59.796 INFO [http-nio-9494-exec-8] org.apache.catalina.core.ApplicationContext.log Manager: list: Listing contexts for virtual host 'localhost'
28-Jul-2022 18:39:45.387 INFO [http-nio-9494-exec-9] org.apache.catalina.core.ApplicationContext.log Manager: list: Listing contexts for virtual host 'localhost'
28-Jul-2022 18:39:45.393 INFO [http-nio-9494-exec-1] org.apache.catalina.core.ApplicationContext.log Manager: list: Listing contexts for virtual host 'localhost'
28-Jul-2022 18:39:55.221 INFO [http-nio-9494-exec-8] org.apache.catalina.core.ApplicationContext.log Manager: list: Listing contexts for virtual host 'localhost'
28-Jul-2022 18:39:55.226 INFO [http-nio-9494-exec-2] org.apache.catalina.core.ApplicationContext.log Manager: list: Listing contexts for virtual host 'localhost'
28-Jul-2022 18:40:34.218 INFO [http-nio-9494-exec-2] org.apache.catalina.core.ApplicationContext.log Manager: list: Listing contexts for virtual host 'localhost'
28-Jul-2022 18:40:34.243 INFO [http-nio-9494-exec-5] org.apache.catalina.core.ApplicationContext.log Manager: undeploy: Undeploying web application at '/WebApplication1'
28-Jul-2022 18:40:34.774 INFO [http-nio-9494-exec-3] org.apache.catalina.core.ApplicationContext.log Manager: install: Installing context configuration at 'file:/C:/Users/Venugopal/AppData/Local/Temp/context2504893305038548699.xml'
28-Jul-2022 18:40:34.863 INFO [http-nio-9494-exec-10] org.apache.catalina.core.ApplicationContext.log Manager: start: Starting web application '/WebApplication1'
28-Jul-2022 18:43:29.123 INFO [http-nio-9494-exec-5] org.apache.catalina.core.ApplicationContext.log Manager: init: Associated with Deployer 'Catalina:type=Deployer,host=localhost'
28-Jul-2022 18:43:29.123 INFO [http-nio-9494-exec-5] org.apache.catalina.core.ApplicationContext.log Manager: init: Global resources are available
28-Jul-2022 18:43:29.177 INFO [http-nio-9494-exec-9] org.apache.catalina.core.ApplicationContext.log Manager: list: Listing contexts for virtual host 'localhost'
28-Jul-2022 18:43:29.187 INFO [http-nio-9494-exec-3] org.apache.catalina.core.ApplicationContext.log Manager: list: Listing contexts for virtual host 'localhost'
28-Jul-2022 18:43:29.206 INFO [http-nio-9494-exec-6] org.apache.catalina.core.ApplicationContext.log Manager: undeploy: Undeploying web application at '/WebApplication1'
28-Jul-2022 18:43:29.751 INFO [http-nio-9494-exec-2] org.apache.catalina.core.ApplicationContext.log Manager: install: Installing context configuration at 'file:/C:/Users/Venugopal/AppData/Local/Temp/context3507298759203611600.xml'
28-Jul-2022 18:43:29.806 INFO [http-nio-9494-exec-9] org.apache.catalina.core.ApplicationContext.log Manager: start: Starting web application '/WebApplication1'
28-Jul-2022 18:47:19.118 INFO [http-nio-9494-exec-11] org.apache.catalina.core.ApplicationContext.log Manager: list: Listing contexts for virtual host 'localhost'
28-Jul-2022 18:47:19.118 INFO [http-nio-9494-exec-16] org.apache.catalina.core.ApplicationContext.log Manager: list: Listing contexts for virtual host 'localhost'
28-Jul-2022 18:47:19.144 INFO [http-nio-9494-exec-12] org.apache.catalina.core.ApplicationContext.log Manager: undeploy: Undeploying web application at '/WebApplication1'
28-Jul-2022 18:47:19.665 INFO [http-nio-9494-exec-20] org.apache.catalina.core.ApplicationContext.log Manager: install: Installing context configuration at 'file:/C:/Users/Venugopal/AppData/Local/Temp/context1622163705445676677.xml'
28-Jul-2022 18:47:19.706 INFO [http-nio-9494-exec-17] org.apache.catalina.core.ApplicationContext.log Manager: start: Starting web application '/WebApplication1'
28-Jul-2022 18:49:07.636 INFO [http-nio-9494-exec-26] org.apache.catalina.core.ApplicationContext.log Manager: list: Listing contexts for virtual host 'localhost'
28-Jul-2022 18:49:07.987 INFO [http-nio-9494-exec-18] org.apache.catalina.core.ApplicationContext.log Manager: list: Listing contexts for virtual host 'localhost'
28-Jul-2022 18:49:10.330 INFO [http-nio-9494-exec-18] org.apache.catalina.core.ApplicationContext.log Manager: list: Listing contexts for virtual host 'localhost'
28-Jul-2022 18:49:10.336 INFO [http-nio-9494-exec-21] org.apache.catalina.core.ApplicationContext.log Manager: list: Listing contexts for virtual host 'localhost'
28-Jul-2022 18:49:10.349 INFO [http-nio-9494-exec-17] org.apache.catalina.core.ApplicationContext.log Manager: undeploy: Undeploying web application at '/WebApplication1'
28-Jul-2022 18:49:10.878 INFO [http-nio-9494-exec-25] org.apache.catalina.core.ApplicationContext.log Manager: install: Installing context configuration at 'file:/C:/Users/Venugopal/AppData/Local/Temp/context10528598821235714779.xml'
28-Jul-2022 18:49:10.912 INFO [http-nio-9494-exec-22] org.apache.catalina.core.ApplicationContext.log Manager: start: Starting web application '/WebApplication1'
28-Jul-2022 18:49:19.582 INFO [http-nio-9494-exec-23] org.apache.catalina.core.ApplicationContext.log Manager: list: Listing contexts for virtual host 'localhost'
28-Jul-2022 18:49:19.594 INFO [http-nio-9494-exec-23] org.apache.catalina.core.ApplicationContext.log Manager: list: Listing contexts for virtual host 'localhost'
28-Jul-2022 18:50:05.973 INFO [http-nio-9494-exec-28] org.apache.catalina.core.ApplicationContext.log Manager: list: Listing contexts for virtual host 'localhost'
28-Jul-2022 18:50:07.343 INFO [http-nio-9494-exec-22] org.apache.catalina.core.ApplicationContext.log Manager: list: Listing contexts for virtual host 'localhost'
28-Jul-2022 18:50:07.360 INFO [http-nio-9494-exec-32] org.apache.catalina.core.ApplicationContext.log Manager: list: Listing contexts for virtual host 'localhost'
28-Jul-2022 18:50:07.372 INFO [http-nio-9494-exec-28] org.apache.catalina.core.ApplicationContext.log Manager: undeploy: Undeploying web application at '/WebApplication1'
28-Jul-2022 18:50:07.906 INFO [http-nio-9494-exec-29] org.apache.catalina.core.ApplicationContext.log Manager: install: Installing context configuration at 'file:/C:/Users/Venugopal/AppData/Local/Temp/context13855013303894716000.xml'
28-Jul-2022 18:50:16.159 INFO [http-nio-9494-exec-13] org.apache.catalina.core.ApplicationContext.log Manager: list: Listing contexts for virtual host 'localhost'
28-Jul-2022 18:50:16.166 INFO [http-nio-9494-exec-30] org.apache.catalina.core.ApplicationContext.log Manager: list: Listing contexts for virtual host 'localhost'
28-Jul-2022 18:50:16.174 INFO [http-nio-9494-exec-22] org.apache.catalina.core.ApplicationContext.log Manager: install: Installing context configuration at 'file:/C:/Users/Venugopal/AppData/Local/Temp/context2789044746299316792.xml'
28-Jul-2022 18:50:16.219 INFO [http-nio-9494-exec-28] org.apache.catalina.core.ApplicationContext.log Manager: start: Starting web application '/WebApplication1'
28-Jul-2022 18:50:27.538 INFO [http-nio-9494-exec-13] org.apache.catalina.core.ApplicationContext.log Manager: list: Listing contexts for virtual host 'localhost'
28-Jul-2022 18:50:27.546 INFO [http-nio-9494-exec-31] org.apache.catalina.core.ApplicationContext.log Manager: list: Listing contexts for virtual host 'localhost'
28-Jul-2022 18:50:27.561 INFO [http-nio-9494-exec-35] org.apache.catalina.core.ApplicationContext.log Manager: undeploy: Undeploying web application at '/WebApplication1'
28-Jul-2022 18:50:28.087 INFO [http-nio-9494-exec-28] org.apache.catalina.core.ApplicationContext.log Manager: install: Installing context configuration at 'file:/C:/Users/Venugopal/AppData/Local/Temp/context9782001885594022329.xml'
28-Jul-2022 18:50:28.117 INFO [http-nio-9494-exec-25] org.apache.catalina.core.ApplicationContext.log Manager: start: Starting web application '/WebApplication1'
28-Jul-2022 18:53:29.210 INFO [http-nio-9494-exec-39] org.apache.catalina.core.ApplicationContext.log Manager: list: Listing contexts for virtual host 'localhost'
28-Jul-2022 18:53:30.399 INFO [http-nio-9494-exec-38] org.apache.catalina.core.ApplicationContext.log Manager: list: Listing contexts for virtual host 'localhost'
28-Jul-2022 18:53:30.407 INFO [http-nio-9494-exec-37] org.apache.catalina.core.ApplicationContext.log Manager: list: Listing contexts for virtual host 'localhost'
28-Jul-2022 18:53:30.421 INFO [http-nio-9494-exec-44] org.apache.catalina.core.ApplicationContext.log Manager: undeploy: Undeploying web application at '/WebApplication1'
28-Jul-2022 18:53:30.943 INFO [http-nio-9494-exec-37] org.apache.catalina.core.ApplicationContext.log Manager: install: Installing context configuration at 'file:/C:/Users/Venugopal/AppData/Local/Temp/context6041872725620718277.xml'
28-Jul-2022 18:53:30.991 INFO [http-nio-9494-exec-39] org.apache.catalina.core.ApplicationContext.log Manager: start: Starting web application '/WebApplication1'
28-Jul-2022 18:53:41.579 INFO [http-nio-9494-exec-33] org.apache.catalina.core.ApplicationContext.log Manager: list: Listing contexts for virtual host 'localhost'
28-Jul-2022 18:53:47.503 INFO [http-nio-9494-exec-36] org.apache.catalina.core.ApplicationContext.log Manager: list: Listing contexts for virtual host 'localhost'
28-Jul-2022 18:53:48.641 INFO [http-nio-9494-exec-43] org.apache.catalina.core.ApplicationContext.log Manager: list: Listing contexts for virtual host 'localhost'
28-Jul-2022 18:53:48.645 INFO [http-nio-9494-exec-45] org.apache.catalina.core.ApplicationContext.log Manager: list: Listing contexts for virtual host 'localhost'
28-Jul-2022 18:53:48.655 INFO [http-nio-9494-exec-37] org.apache.catalina.core.ApplicationContext.log Manager: undeploy: Undeploying web application at '/WebApplication1'
28-Jul-2022 18:53:49.692 INFO [http-nio-9494-exec-39] org.apache.catalina.core.ApplicationContext.log Manager: install: Installing context configuration at 'file:/C:/Users/Venugopal/AppData/Local/Temp/context15462451717655437973.xml'
28-Jul-2022 18:53:49.732 INFO [http-nio-9494-exec-46] org.apache.catalina.core.ApplicationContext.log Manager: start: Starting web application '/WebApplication1'
28-Jul-2022 18:54:21.971 INFO [http-nio-9494-exec-36] org.apache.catalina.core.ApplicationContext.log Manager: list: Listing contexts for virtual host 'localhost'
28-Jul-2022 18:54:24.064 INFO [http-nio-9494-exec-52] org.apache.catalina.core.ApplicationContext.log Manager: list: Listing contexts for virtual host 'localhost'
28-Jul-2022 18:54:24.070 INFO [http-nio-9494-exec-33] org.apache.catalina.core.ApplicationContext.log Manager: list: Listing contexts for virtual host 'localhost'
28-Jul-2022 18:54:24.082 INFO [http-nio-9494-exec-42] org.apache.catalina.core.ApplicationContext.log Manager: undeploy: Undeploying web application at '/WebApplication1'
28-Jul-2022 18:54:24.603 INFO [http-nio-9494-exec-33] org.apache.catalina.core.ApplicationContext.log Manager: install: Installing context configuration at 'file:/C:/Users/Venugopal/AppData/Local/Temp/context2559634480061191611.xml'
28-Jul-2022 18:54:24.651 INFO [http-nio-9494-exec-36] org.apache.catalina.core.ApplicationContext.log Manager: start: Starting web application '/WebApplication1'
28-Jul-2022 18:54:32.945 INFO [http-nio-9494-exec-46] org.apache.catalina.core.ApplicationContext.log Manager: list: Listing contexts for virtual host 'localhost'
28-Jul-2022 18:54:34.553 INFO [http-nio-9494-exec-46] org.apache.catalina.core.ApplicationContext.log Manager: list: Listing contexts for virtual host 'localhost'
28-Jul-2022 18:54:34.559 INFO [http-nio-9494-exec-55] org.apache.catalina.core.ApplicationContext.log Manager: list: Listing contexts for virtual host 'localhost'
28-Jul-2022 18:54:34.570 INFO [http-nio-9494-exec-47] org.apache.catalina.core.ApplicationContext.log Manager: undeploy: Undeploying web application at '/WebApplication1'
28-Jul-2022 18:54:35.108 INFO [http-nio-9494-exec-49] org.apache.catalina.core.ApplicationContext.log Manager: install: Installing context configuration at 'file:/C:/Users/Venugopal/AppData/Local/Temp/context3047129058752873615.xml'
28-Jul-2022 18:54:35.148 INFO [http-nio-9494-exec-50] org.apache.catalina.core.ApplicationContext.log Manager: start: Starting web application '/WebApplication1'
28-Jul-2022 18:54:49.188 INFO [http-nio-9494-exec-55] org.apache.catalina.core.ApplicationContext.log Manager: list: Listing contexts for virtual host 'localhost'
28-Jul-2022 18:54:49.193 INFO [http-nio-9494-exec-33] org.apache.catalina.core.ApplicationContext.log Manager: list: Listing contexts for virtual host 'localhost'
28-Jul-2022 18:54:49.205 INFO [http-nio-9494-exec-49] org.apache.catalina.core.ApplicationContext.log Manager: undeploy: Undeploying web application at '/WebApplication1'
28-Jul-2022 18:54:49.736 INFO [http-nio-9494-exec-42] org.apache.catalina.core.ApplicationContext.log Manager: install: Installing context configuration at 'file:/C:/Users/Venugopal/AppData/Local/Temp/context2528730941216539730.xml'
28-Jul-2022 18:54:49.765 INFO [http-nio-9494-exec-46] org.apache.catalina.core.ApplicationContext.log Manager: start: Starting web application '/WebApplication1'
28-Jul-2022 18:54:55.411 INFO [http-nio-9494-exec-42] org.apache.catalina.core.ApplicationContext.log Manager: list: Listing contexts for virtual host 'localhost'
28-Jul-2022 18:54:56.902 INFO [http-nio-9494-exec-57] org.apache.catalina.core.ApplicationContext.log Manager: list: Listing contexts for virtual host 'localhost'
28-Jul-2022 18:54:56.908 INFO [http-nio-9494-exec-59] org.apache.catalina.core.ApplicationContext.log Manager: list: Listing contexts for virtual host 'localhost'
28-Jul-2022 18:54:56.917 INFO [http-nio-9494-exec-42] org.apache.catalina.core.ApplicationContext.log Manager: undeploy: Undeploying web application at '/WebApplication1'
28-Jul-2022 18:54:57.429 INFO [http-nio-9494-exec-58] org.apache.catalina.core.ApplicationContext.log Manager: install: Installing context configuration at 'file:/C:/Users/Venugopal/AppData/Local/Temp/context11110576310505328874.xml'
28-Jul-2022 18:54:57.478 INFO [http-nio-9494-exec-50] org.apache.catalina.core.ApplicationContext.log Manager: start: Starting web application '/WebApplication1'
28-Jul-2022 18:55:35.868 INFO [http-nio-9494-exec-42] org.apache.catalina.core.ApplicationContext.log Manager: list: Listing contexts for virtual host 'localhost'
28-Jul-2022 18:56:29.695 INFO [http-nio-9494-exec-42] org.apache.catalina.core.ApplicationContext.log Manager: list: Listing contexts for virtual host 'localhost'
28-Jul-2022 18:56:29.699 INFO [http-nio-9494-exec-64] org.apache.catalina.core.ApplicationContext.log Manager: list: Listing contexts for virtual host 'localhost'
28-Jul-2022 18:56:38.244 INFO [http-nio-9494-exec-62] org.apache.catalina.core.ApplicationContext.log Manager: list: Listing contexts for virtual host 'localhost'
28-Jul-2022 18:56:38.276 INFO [http-nio-9494-exec-65] org.apache.catalina.core.ApplicationContext.log Manager: list: Listing contexts for virtual host 'localhost'
28-Jul-2022 18:56:38.285 INFO [http-nio-9494-exec-42] org.apache.catalina.core.ApplicationContext.log Manager: undeploy: Undeploying web application at '/WebApplication1'
28-Jul-2022 18:56:38.807 INFO [http-nio-9494-exec-36] org.apache.catalina.core.ApplicationContext.log Manager: install: Installing context configuration at 'file:/C:/Users/Venugopal/AppData/Local/Temp/context16107966956272314229.xml'
28-Jul-2022 18:56:38.844 INFO [http-nio-9494-exec-64] org.apache.catalina.core.ApplicationContext.log Manager: start: Starting web application '/WebApplication1'
28-Jul-2022 18:59:26.715 INFO [http-nio-9494-exec-61] org.apache.catalina.core.ApplicationContext.log Manager: list: Listing contexts for virtual host 'localhost'
28-Jul-2022 18:59:26.725 INFO [http-nio-9494-exec-68] org.apache.catalina.core.ApplicationContext.log Manager: undeploy: Undeploying web application at '/WebApplication1'
28-Jul-2022 18:59:49.296 INFO [http-nio-9494-exec-67] org.apache.catalina.core.ApplicationContext.log Manager: list: Listing contexts for virtual host 'localhost'
28-Jul-2022 18:59:51.073 INFO [http-nio-9494-exec-69] org.apache.catalina.core.ApplicationContext.log Manager: list: Listing contexts for virtual host 'localhost'
28-Jul-2022 18:59:51.077 INFO [http-nio-9494-exec-75] org.apache.catalina.core.ApplicationContext.log Manager: list: Listing contexts for virtual host 'localhost'
28-Jul-2022 18:59:57.119 INFO [http-nio-9494-exec-70] org.apache.catalina.core.ApplicationContext.log Manager: list: Listing contexts for virtual host 'localhost'
28-Jul-2022 19:00:00.102 INFO [http-nio-9494-exec-78] org.apache.catalina.core.ApplicationContext.log Manager: list: Listing contexts for virtual host 'localhost'
28-Jul-2022 19:00:06.695 INFO [http-nio-9494-exec-42] org.apache.catalina.core.ApplicationContext.log Manager: list: Listing contexts for virtual host 'localhost'
28-Jul-2022 19:00:08.017 INFO [http-nio-9494-exec-79] org.apache.catalina.core.ApplicationContext.log Manager: list: Listing contexts for virtual host 'localhost'
28-Jul-2022 19:00:08.022 INFO [http-nio-9494-exec-76] org.apache.catalina.core.ApplicationContext.log Manager: list: Listing contexts for virtual host 'localhost'
28-Jul-2022 19:03:56.877 INFO [http-nio-9494-exec-79] org.apache.catalina.core.ApplicationContext.log Manager: list: Listing contexts for virtual host 'localhost'
28-Jul-2022 19:03:58.482 INFO [http-nio-9494-exec-73] org.apache.catalina.core.ApplicationContext.log Manager: list: Listing contexts for virtual host 'localhost'
28-Jul-2022 19:03:58.487 INFO [http-nio-9494-exec-77] org.apache.catalina.core.ApplicationContext.log Manager: list: Listing contexts for virtual host 'localhost'
28-Jul-2022 19:04:11.984 INFO [http-nio-9494-exec-77] org.apache.catalina.core.ApplicationContext.log Manager: list: Listing contexts for virtual host 'localhost'
28-Jul-2022 19:04:31.099 INFO [http-nio-9494-exec-76] org.apache.catalina.core.ApplicationContext.log Manager: list: Listing contexts for virtual host 'localhost'
28-Jul-2022 19:05:35.533 INFO [http-nio-9494-exec-77] org.apache.catalina.core.ApplicationContext.log Manager: list: Listing contexts for virtual host 'localhost'
28-Jul-2022 19:05:37.003 INFO [http-nio-9494-exec-81] org.apache.catalina.core.ApplicationContext.log Manager: list: Listing contexts for virtual host 'localhost'
28-Jul-2022 19:05:37.007 INFO [http-nio-9494-exec-82] org.apache.catalina.core.ApplicationContext.log Manager: list: Listing contexts for virtual host 'localhost'
28-Jul-2022 19:06:08.561 INFO [http-nio-9494-exec-81] org.apache.catalina.core.ApplicationContext.log Manager: list: Listing contexts for virtual host 'localhost'
28-Jul-2022 19:06:08.893 INFO [http-nio-9494-exec-73] org.apache.catalina.core.ApplicationContext.log Manager: list: Listing contexts for virtual host 'localhost'
28-Jul-2022 19:06:09.230 INFO [http-nio-9494-exec-81] org.apache.catalina.core.ApplicationContext.log Manager: list: Listing contexts for virtual host 'localhost'
28-Jul-2022 19:06:14.680 INFO [http-nio-9494-exec-75] org.apache.catalina.core.ApplicationContext.log Manager: list: Listing contexts for virtual host 'localhost'
28-Jul-2022 19:06:15.870 INFO [http-nio-9494-exec-80] org.apache.catalina.core.ApplicationContext.log Manager: list: Listing contexts for virtual host 'localhost'
28-Jul-2022 19:06:15.875 INFO [http-nio-9494-exec-73] org.apache.catalina.core.ApplicationContext.log Manager: list: Listing contexts for virtual host 'localhost'
28-Jul-2022 19:07:18.831 INFO [http-nio-9494-exec-78] org.apache.catalina.core.ApplicationContext.log Manager: list: Listing contexts for virtual host 'localhost'
28-Jul-2022 19:07:19.946 INFO [http-nio-9494-exec-80] org.apache.catalina.core.ApplicationContext.log Manager: list: Listing contexts for virtual host 'localhost'
28-Jul-2022 19:07:19.951 INFO [http-nio-9494-exec-77] org.apache.catalina.core.ApplicationContext.log Manager: list: Listing contexts for virtual host 'localhost'
28-Jul-2022 19:08:09.177 INFO [http-nio-9494-exec-79] org.apache.catalina.core.ApplicationContext.log Manager: list: Listing contexts for virtual host 'localhost'
28-Jul-2022 19:08:10.056 INFO [http-nio-9494-exec-79] org.apache.catalina.core.ApplicationContext.log Manager: list: Listing contexts for virtual host 'localhost'
28-Jul-2022 19:08:13.067 INFO [http-nio-9494-exec-75] org.apache.catalina.core.ApplicationContext.log Manager: list: Listing contexts for virtual host 'localhost'
28-Jul-2022 19:08:42.826 INFO [http-nio-9494-exec-81] org.apache.catalina.core.ApplicationContext.log Manager: list: Listing contexts for virtual host 'localhost'
28-Jul-2022 19:09:09.573 INFO [http-nio-9494-exec-81] org.apache.catalina.core.ApplicationContext.log Manager: list: Listing contexts for virtual host 'localhost'
28-Jul-2022 19:09:09.590 INFO [http-nio-9494-exec-79] org.apache.catalina.core.ApplicationContext.log Manager: restart: Reloading web application '/sampleWeb'
28-Jul-2022 19:09:10.104 INFO [http-nio-9494-exec-77] org.apache.catalina.core.ApplicationContext.log Manager: list: Listing contexts for virtual host 'localhost'
28-Jul-2022 19:09:10.113 INFO [http-nio-9494-exec-78] org.apache.catalina.core.ApplicationContext.log Manager: restart: Reloading web application '/sampleWeb'
28-Jul-2022 19:11:39.058 INFO [http-nio-9494-exec-85] org.apache.catalina.core.ApplicationContext.log Manager: list: Listing contexts for virtual host 'localhost'
28-Jul-2022 19:11:39.390 INFO [http-nio-9494-exec-81] org.apache.catalina.core.ApplicationContext.log Manager: list: Listing contexts for virtual host 'localhost'
28-Jul-2022 19:11:45.721 INFO [http-nio-9494-exec-78] org.apache.catalina.core.ApplicationContext.log Manager: list: Listing contexts for virtual host 'localhost'
28-Jul-2022 19:11:46.044 INFO [http-nio-9494-exec-75] org.apache.catalina.core.ApplicationContext.log Manager: list: Listing contexts for virtual host 'localhost'
28-Jul-2022 19:11:47.616 INFO [http-nio-9494-exec-88] org.apache.catalina.core.ApplicationContext.log Manager: list: Listing contexts for virtual host 'localhost'
28-Jul-2022 19:11:47.950 INFO [http-nio-9494-exec-75] org.apache.catalina.core.ApplicationContext.log Manager: list: Listing contexts for virtual host 'localhost'
28-Jul-2022 19:11:50.544 INFO [http-nio-9494-exec-86] org.apache.catalina.core.ApplicationContext.log Manager: list: Listing contexts for virtual host 'localhost'
28-Jul-2022 19:11:50.872 INFO [http-nio-9494-exec-85] org.apache.catalina.core.ApplicationContext.log Manager: list: Listing contexts for virtual host 'localhost'
28-Jul-2022 19:11:51.979 INFO [http-nio-9494-exec-86] org.apache.catalina.core.ApplicationContext.log Manager: list: Listing contexts for virtual host 'localhost'
28-Jul-2022 19:11:52.309 INFO [http-nio-9494-exec-85] org.apache.catalina.core.ApplicationContext.log Manager: list: Listing contexts for virtual host 'localhost'
28-Jul-2022 19:12:02.254 INFO [http-nio-9494-exec-75] org.apache.catalina.core.ApplicationContext.log Manager: list: Listing contexts for virtual host 'localhost'
28-Jul-2022 19:12:02.599 INFO [http-nio-9494-exec-81] org.apache.catalina.core.ApplicationContext.log Manager: list: Listing contexts for virtual host 'localhost'
28-Jul-2022 19:19:20.924 INFO [http-nio-9494-exec-88] org.apache.catalina.core.ApplicationContext.log Manager: list: Listing contexts for virtual host 'localhost'
28-Jul-2022 19:19:42.079 INFO [http-nio-9494-exec-92] org.apache.catalina.core.ApplicationContext.log Manager: list: Listing contexts for virtual host 'localhost'
28-Jul-2022 19:19:42.095 INFO [http-nio-9494-exec-89] org.apache.catalina.core.ApplicationContext.log Manager: restart: Reloading web application '/sampleWeb'
28-Jul-2022 19:19:44.569 INFO [http-nio-9494-exec-85] org.apache.catalina.core.ApplicationContext.log Manager: list: Listing contexts for virtual host 'localhost'
28-Jul-2022 19:19:44.577 INFO [http-nio-9494-exec-92] org.apache.catalina.core.ApplicationContext.log Manager: restart: Reloading web application '/sampleWeb'
28-Jul-2022 19:20:45.911 INFO [http-nio-9494-exec-97] org.apache.catalina.core.ApplicationContext.log Manager: list: Listing contexts for virtual host 'localhost'
28-Jul-2022 19:21:22.438 INFO [http-nio-9494-exec-86] org.apache.catalina.core.ApplicationContext.log Manager: list: Listing contexts for virtual host 'localhost'
28-Jul-2022 19:21:28.935 INFO [http-nio-9494-exec-97] org.apache.catalina.core.ApplicationContext.log Manager: list: Listing contexts for virtual host 'localhost'
28-Jul-2022 19:21:28.938 INFO [http-nio-9494-exec-99] org.apache.catalina.core.ApplicationContext.log Manager: list: Listing contexts for virtual host 'localhost'
28-Jul-2022 19:21:28.938 INFO [http-nio-9494-exec-95] org.apache.catalina.core.ApplicationContext.log Manager: restart: Reloading web application '/sampleWeb'
28-Jul-2022 19:28:58.217 INFO [http-nio-9494-exec-101] org.apache.catalina.core.ApplicationContext.log Manager: list: Listing contexts for virtual host 'localhost'
28-Jul-2022 19:29:25.810 INFO [http-nio-9494-exec-107] org.apache.catalina.core.ApplicationContext.log Manager: list: Listing contexts for virtual host 'localhost'
28-Jul-2022 19:31:34.363 INFO [http-nio-9494-exec-105] org.apache.catalina.core.ApplicationContext.log Manager: list: Listing contexts for virtual host 'localhost'
28-Jul-2022 19:33:29.917 INFO [http-nio-9494-exec-103] org.apache.catalina.core.ApplicationContext.log Manager: list: Listing contexts for virtual host 'localhost'
28-Jul-2022 19:34:07.431 INFO [http-nio-9494-exec-109] org.apache.catalina.core.ApplicationContext.log Manager: list: Listing contexts for virtual host 'localhost'
28-Jul-2022 19:34:09.539 INFO [http-nio-9494-exec-107] org.apache.catalina.core.ApplicationContext.log Manager: list: Listing contexts for virtual host 'localhost'
28-Jul-2022 19:34:09.544 INFO [http-nio-9494-exec-101] org.apache.catalina.core.ApplicationContext.log Manager: list: Listing contexts for virtual host 'localhost'
28-Jul-2022 19:37:17.022 INFO [http-nio-9494-exec-108] org.apache.catalina.core.ApplicationContext.log Manager: list: Listing contexts for virtual host 'localhost'
28-Jul-2022 19:37:20.418 INFO [http-nio-9494-exec-105] org.apache.catalina.core.ApplicationContext.log Manager: list: Listing contexts for virtual host 'localhost'
28-Jul-2022 19:38:18.206 INFO [http-nio-9494-exec-104] org.apache.catalina.core.ApplicationContext.log Manager: list: Listing contexts for virtual host 'localhost'
28-Jul-2022 19:38:38.098 INFO [http-nio-9494-exec-108] org.apache.catalina.core.ApplicationContext.log Manager: list: Listing contexts for virtual host 'localhost'
28-Jul-2022 19:38:38.101 INFO [http-nio-9494-exec-100] org.apache.catalina.core.ApplicationContext.log Manager: list: Listing contexts for virtual host 'localhost'
28-Jul-2022 19:40:04.085 INFO [http-nio-9494-exec-106] org.apache.catalina.core.ApplicationContext.log Manager: list: Listing contexts for virtual host 'localhost'
28-Jul-2022 19:40:04.415 INFO [http-nio-9494-exec-107] org.apache.catalina.core.ApplicationContext.log Manager: list: Listing contexts for virtual host 'localhost'
28-Jul-2022 19:40:04.748 INFO [http-nio-9494-exec-108] org.apache.catalina.core.ApplicationContext.log Manager: list: Listing contexts for virtual host 'localhost'
28-Jul-2022 19:40:04.750 INFO [http-nio-9494-exec-109] org.apache.catalina.core.ApplicationContext.log Manager: restart: Reloading web application '/sampleWeb'
28-Jul-2022 19:40:07.947 INFO [http-nio-9494-exec-107] org.apache.catalina.core.ApplicationContext.log Manager: list: Listing contexts for virtual host 'localhost'
28-Jul-2022 19:40:08.276 INFO [http-nio-9494-exec-106] org.apache.catalina.core.ApplicationContext.log Manager: list: Listing contexts for virtual host 'localhost'
28-Jul-2022 19:40:32.974 INFO [http-nio-9494-exec-106] org.apache.catalina.core.ApplicationContext.log Manager: list: Listing contexts for virtual host 'localhost'
28-Jul-2022 19:40:32.977 INFO [http-nio-9494-exec-104] org.apache.catalina.core.ApplicationContext.log Manager: list: Listing contexts for virtual host 'localhost'
28-Jul-2022 19:42:28.272 INFO [http-nio-9494-exec-104] org.apache.catalina.core.ApplicationContext.log Manager: list: Listing contexts for virtual host 'localhost'
28-Jul-2022 19:42:28.275 INFO [http-nio-9494-exec-111] org.apache.catalina.core.ApplicationContext.log Manager: list: Listing contexts for virtual host 'localhost'
28-Jul-2022 19:47:07.075 INFO [http-nio-9494-exec-111] org.apache.catalina.core.ApplicationContext.log Manager: list: Listing contexts for virtual host 'localhost'
28-Jul-2022 19:47:08.692 INFO [http-nio-9494-exec-117] org.apache.catalina.core.ApplicationContext.log Manager: list: Listing contexts for virtual host 'localhost'
28-Jul-2022 19:47:08.696 INFO [http-nio-9494-exec-119] org.apache.catalina.core.ApplicationContext.log Manager: list: Listing contexts for virtual host 'localhost'
